Log file open, 01/08/23 21:44:43
LogWindows: Failed to load 'aqProf.dll' (GetLastError=126)
LogWindows: File 'aqProf.dll' does not exist
LogWindows: Failed to load 'VtuneApi.dll' (GetLastError=126)
LogWindows: File 'VtuneApi.dll' does not exist
LogWindows: Failed to load 'VtuneApi32e.dll' (GetLastError=126)
LogWindows: File 'VtuneApi32e.dll' does not exist
LogConsoleResponse: Display: Failed to find resolution value strings in scalability ini. Falling back to default.
LogConsoleResponse: Display: Failed to find resolution value strings in scalability ini. Falling back to default.
LogInit: Display: Running engine for game: TopDownShooterMR
LogPlatformFile: Not using cached read wrapper
LogTaskGraph: Started task graph with 5 named threads and 26 total threads with 3 sets of task threads.
LogStats: Stats thread started at 0.189982
LogICUInternationalization: ICU TimeZone Detection - Raw Offset: +1:00, Platform Override: ''
LogInit: Display: Loading text-based GConfig....
LogPluginManager: Mounting plugin MeshPainting
LogPluginManager: Mounting plugin XGEController
LogPluginManager: Mounting plugin Paper2D
LogPluginManager: Mounting plugin AISupport
LogPluginManager: Mounting plugin EnvironmentQueryEditor
LogPluginManager: Mounting plugin LiveLink
LogPluginManager: Mounting plugin LightPropagationVolume
LogPluginManager: Mounting plugin GameplayCameras
LogPluginManager: Mounting plugin CameraShakePreviewer
LogPluginManager: Mounting plugin AssetManagerEditor
LogPluginManager: Mounting plugin CryptoKeys
LogPluginManager: Mounting plugin CurveEditorTools
LogPluginManager: Mounting plugin DataValidation
LogPluginManager: Mounting plugin FacialAnimation
LogPluginManager: Mounting plugin GameplayTagsEditor
LogPluginManager: Mounting plugin GeometryMode
LogPluginManager: Mounting plugin DatasmithContent
LogPluginManager: Mounting plugin MacGraphicsSwitching
LogPluginManager: Mounting plugin MaterialAnalyzer
LogPluginManager: Mounting plugin MobileLauncherProfileWizard
LogPluginManager: Mounting plugin PluginBrowser
LogPluginManager: Mounting plugin SpeedTreeImporter
LogPluginManager: Mounting plugin OodleData
LogPluginManager: Mounting plugin VariantManagerContent
LogPluginManager: Mounting plugin OodleNetwork
LogPluginManager: Mounting plugin Niagara
LogPluginManager: Mounting plugin AlembicImporter
LogPluginManager: Mounting plugin AutomationUtils
LogPluginManager: Mounting plugin BackChannel
LogPluginManager: Mounting plugin ChaosCloth
LogPluginManager: Mounting plugin ChaosClothEditor
LogPluginManager: Mounting plugin ChaosEditor
LogPluginManager: Mounting plugin ChaosNiagara
LogPluginManager: Mounting plugin ChaosSolverPlugin
LogPluginManager: Mounting plugin CharacterAI
LogPluginManager: Mounting plugin AnimationSharing
LogPluginManager: Mounting plugin CLionSourceCodeAccess
LogPluginManager: Mounting plugin CodeLiteSourceCodeAccess
LogPluginManager: Mounting plugin GeometryCache
LogPluginManager: Mounting plugin KDevelopSourceCodeAccess
LogPluginManager: Mounting plugin GitSourceControl
LogPluginManager: Mounting plugin NullSourceCodeAccess
LogPluginManager: Mounting plugin GeometryCollectionPlugin
LogPluginManager: Mounting plugin PerforceSourceControl
LogPluginManager: Mounting plugin PixWinPlugin
LogPluginManager: Mounting plugin PlasticSourceControl
LogPluginManager: Mounting plugin PluginUtils
LogPluginManager: Mounting plugin PropertyAccessNode
LogPluginManager: Mounting plugin RiderSourceCodeAccess
LogPluginManager: Mounting plugin TextureFormatOodle
LogPluginManager: Mounting plugin SubversionSourceControl
LogPluginManager: Mounting plugin UObjectPlugin
LogPluginManager: Mounting plugin VisualStudioCodeSourceCodeAccess
LogPluginManager: Mounting plugin VisualStudioSourceCodeAccess
LogPluginManager: Mounting plugin XCodeSourceCodeAccess
LogPluginManager: Mounting plugin GeometryProcessing
LogPluginManager: Mounting plugin MotoSynth
LogPluginManager: Mounting plugin OpenImageDenoise
LogPluginManager: Mounting plugin PlatformCrypto
LogPluginManager: Mounting plugin PlanarCut
LogPluginManager: Mounting plugin PythonScriptPlugin
LogPluginManager: Mounting plugin ProxyLODPlugin
LogPluginManager: Mounting plugin SkeletalReduction
LogPluginManager: Mounting plugin LuminPlatformFeatures
LogPluginManager: Mounting plugin MagicLeap
LogPluginManager: Mounting plugin MagicLeapLightEstimation
LogPluginManager: Mounting plugin MagicLeapMedia
LogPluginManager: Mounting plugin MagicLeapPassableWorld
LogPluginManager: Mounting plugin MLSDK
LogPluginManager: Mounting plugin AndroidMedia
LogPluginManager: Mounting plugin AvfMedia
LogPluginManager: Mounting plugin ImgMedia
LogPluginManager: Mounting plugin MediaCompositing
LogPluginManager: Mounting plugin MediaPlayerEditor
LogPluginManager: Mounting plugin WebMMedia
LogPluginManager: Mounting plugin WmfMedia
LogPluginManager: Mounting plugin TcpMessaging
LogPluginManager: Mounting plugin UdpMessaging
LogPluginManager: Mounting plugin OnlineSubsystem
LogPluginManager: Mounting plugin OnlineSubsystemNull
LogPluginManager: Mounting plugin OnlineSubsystemUtils
LogPluginManager: Mounting plugin ActorSequence
LogPluginManager: Mounting plugin LevelSequenceEditor
LogPluginManager: Mounting plugin MatineeToLevelSequence
LogPluginManager: Mounting plugin TemplateSequence
LogPluginManager: Mounting plugin LauncherChunkInstaller
LogPluginManager: Mounting plugin ActorLayerUtilities
LogPluginManager: Mounting plugin AndroidDeviceProfileSelector
LogPluginManager: Mounting plugin AndroidMoviePlayer
LogPluginManager: Mounting plugin AndroidPermission
LogPluginManager: Mounting plugin AppleImageUtils
LogPluginManager: Mounting plugin AppleMoviePlayer
LogPluginManager: Mounting plugin ArchVisCharacter
LogPluginManager: Mounting plugin AssetTags
LogPluginManager: Mounting plugin AudioCapture
LogPluginManager: Mounting plugin AudioSynesthesia
LogPluginManager: Mounting plugin CableComponent
LogPluginManager: Mounting plugin ChunkDownloader
LogPluginManager: Mounting plugin CustomMeshComponent
LogPluginManager: Mounting plugin EditableMesh
LogPluginManager: Mounting plugin ExampleDeviceProfileSelector
LogPluginManager: Mounting plugin GoogleCloudMessaging
LogPluginManager: Mounting plugin GooglePAD
LogPluginManager: Mounting plugin ScreenshotTools
LogPluginManager: Mounting plugin IOSDeviceProfileSelector
LogPluginManager: Mounting plugin LinuxDeviceProfileSelector
LogPluginManager: Mounting plugin LocationServicesBPLibrary
LogPluginManager: Mounting plugin MobilePatchingUtils
LogPluginManager: Mounting plugin OpenXR
LogPluginManager: Mounting plugin OpenXRHandTracking
LogPluginManager: Mounting plugin OpenXREyeTracker
LogPluginManager: Mounting plugin PhysXVehicles
LogPluginManager: Mounting plugin PostSplashScreen
LogPluginManager: Mounting plugin ProceduralMeshComponent
LogPluginManager: Mounting plugin PropertyAccessEditor
LogPluginManager: Mounting plugin RuntimePhysXCooking
LogPluginManager: Mounting plugin SignificanceManager
LogPluginManager: Mounting plugin SoundFields
LogPluginManager: Mounting plugin Synthesis
LogPluginManager: Mounting plugin WebMMoviePlayer
LogPluginManager: Mounting plugin WindowsMoviePlayer
LogPluginManager: Mounting plugin Takes
LogPluginManager: Mounting plugin ContentBrowserAssetDataSource
LogPluginManager: Mounting plugin ContentBrowserClassDataSource
LogPluginManager: Mounting plugin ContentBrowserFileDataSource
LogPluginManager: Mounting plugin OnlineSubsystemGooglePlay
LogPluginManager: Mounting plugin OnlineSubsystemIOS
LogPluginManager: Mounting plugin OculusVR
LogPluginManager: Mounting plugin SteamVR
PixWinPlugin: PIX capture plugin failed to initialize! Check that the process is launched from PIX.
LogInit: Using libcurl 7.55.1-DEV
LogInit:  - built for x86_64-pc-win32
LogInit:  - supports SSL with OpenSSL/1.1.1
LogInit:  - supports HTTP deflate (compression) using libz 1.2.8
LogInit:  - other features:
LogInit:      CURL_VERSION_SSL
LogInit:      CURL_VERSION_LIBZ
LogInit:      CURL_VERSION_IPV6
LogInit:      CURL_VERSION_ASYNCHDNS
LogInit:      CURL_VERSION_LARGEFILE
LogInit:      CURL_VERSION_IDN
LogInit:  CurlRequestOptions (configurable via config and command line):
LogInit:  - bVerifyPeer = true  - Libcurl will verify peer certificate
LogInit:  - bUseHttpProxy = false  - Libcurl will NOT use HTTP proxy
LogInit:  - bDontReuseConnections = false  - Libcurl will reuse connections
LogInit:  - MaxHostConnections = 16  - Libcurl will limit the number of connections to a host
LogInit:  - LocalHostAddr = Default
LogInit:  - BufferSize = 65536
LogOnline: OSS: Creating online subsystem instance for: NULL
LogInit: WinSock: version 1.1 (2.2), MaxSocks=32767, MaxUdp=65467
LogOnline: OSS: TryLoadSubsystemAndSetDefault: Loaded subsystem for module [NULL]
LogOculusPluginWrapper: OculusPlugin initialized successfully
LogHMD: Failed initializing OVRPlugin 1.59.0
LogInit: Build: ++UE4+Release-4.27-CL-17735300
LogInit: Engine Version: 4.27.1-17735300+++UE4+Release-4.27
LogInit: Compatible Engine Version: 4.27.0-17155196+++UE4+Release-4.27
LogInit: Net CL: 17155196
LogInit: OS: Windows 10 (Release 2009) (), CPU: Intel(R) Core(TM) i7-9700K CPU @ 3.60GHz, GPU: NVIDIA GeForce RTX 2070 SUPER
LogInit: Compiled (64-bit): Oct  6 2021 14:42:51
LogInit: Compiled with Visual C++: 19.24.28315.00
LogInit: Build Configuration: Development
LogInit: Branch Name: ++UE4+Release-4.27
LogInit: Command Line:  -EpicPortal -epicusername=ajgieli -epicuserid=d71a1370f2e549ed8bf34adcb0991e17 -epiclocale=pl -epicsandboxid=ue
LogInit: Base Directory: C:/Program Files/Epic Games/UE_4.27/Engine/Binaries/Win64/
LogInit: Allocator: TBB
LogInit: Installed Engine Build: 1
LogDevObjectVersion: Number of dev versions registered: 29
LogDevObjectVersion:   Dev-Blueprints (B0D832E4-1F89-4F0D-ACCF-7EB736FD4AA2): 10
LogDevObjectVersion:   Dev-Build (E1C64328-A22C-4D53-A36C-8E866417BD8C): 0
LogDevObjectVersion:   Dev-Core (375EC13C-06E4-48FB-B500-84F0262A717E): 4
LogDevObjectVersion:   Dev-Editor (E4B068ED-F494-42E9-A231-DA0B2E46BB41): 40
LogDevObjectVersion:   Dev-Framework (CFFC743F-43B0-4480-9391-14DF171D2073): 37
LogDevObjectVersion:   Dev-Mobile (B02B49B5-BB20-44E9-A304-32B752E40360): 3
LogDevObjectVersion:   Dev-Networking (A4E4105C-59A1-49B5-A7C5-40C4547EDFEE): 0
LogDevObjectVersion:   Dev-Online (39C831C9-5AE6-47DC-9A44-9C173E1C8E7C): 0
LogDevObjectVersion:   Dev-Physics (78F01B33-EBEA-4F98-B9B4-84EACCB95AA2): 14
LogDevObjectVersion:   Dev-Platform (6631380F-2D4D-43E0-8009-CF276956A95A): 0
LogDevObjectVersion:   Dev-Rendering (12F88B9F-8875-4AFC-A67C-D90C383ABD29): 45
LogDevObjectVersion:   Dev-Sequencer (7B5AE74C-D270-4C10-A958-57980B212A5A): 13
LogDevObjectVersion:   Dev-VR (D7296918-1DD6-4BDD-9DE2-64A83CC13884): 3
LogDevObjectVersion:   Dev-LoadTimes (C2A15278-BFE7-4AFE-6C17-90FF531DF755): 1
LogDevObjectVersion:   Private-Geometry (6EACA3D4-40EC-4CC1-B786-8BED09428FC5): 3
LogDevObjectVersion:   Dev-AnimPhys (29E575DD-E0A3-4627-9D10-D276232CDCEA): 17
LogDevObjectVersion:   Dev-Anim (AF43A65D-7FD3-4947-9873-3E8ED9C1BB05): 15
LogDevObjectVersion:   Dev-ReflectionCapture (6B266CEC-1EC7-4B8F-A30B-E4D90942FC07): 1
LogDevObjectVersion:   Dev-Automation (0DF73D61-A23F-47EA-B727-89E90C41499A): 1
LogDevObjectVersion:   FortniteMain (601D1886-AC64-4F84-AA16-D3DE0DEAC7D6): 47
LogDevObjectVersion:   FortniteRelease (E7086368-6B23-4C58-8439-1B7016265E91): 1
LogDevObjectVersion:   Dev-Enterprise (9DFFBCD6-494F-0158-E221-12823C92A888): 10
LogDevObjectVersion:   Dev-Niagara (F2AED0AC-9AFE-416F-8664-AA7FFA26D6FC): 1
LogDevObjectVersion:   Dev-Destruction (174F1F0B-B4C6-45A5-B13F-2EE8D0FB917D): 10
LogDevObjectVersion:   Dev-Physics-Ext (35F94A83-E258-406C-A318-09F59610247C): 41
LogDevObjectVersion:   Dev-PhysicsMaterial-Chaos (B68FC16E-8B1B-42E2-B453-215C058844FE): 1
LogDevObjectVersion:   Dev-CineCamera (B2E18506-4273-CFC2-A54E-F4BB758BBA07): 1
LogDevObjectVersion:   Dev-VirtualProduction (64F58936-FD1B-42BA-BA96-7289D5D0FA4E): 1
LogDevObjectVersion:   Dev-MediaFramework (6F0ED827-A609-4895-9C91-998D90180EA4): 2
LogInit: Presizing for max 25165824 objects, including 0 objects not considered by GC, pre-allocating 0 bytes for permanent pool.
LogConfig: Applying CVar settings from Section [/Script/Engine.StreamingSettings] File [D:/podstawyprogramowania/TopDownShooterMaksRog/TopDownShooterMR/Saved/Config/Windows/Engine.ini]
LogConfig: Setting CVar [[s.MinBulkDataSizeForAsyncLoading:131072]]
LogConfig: Setting CVar [[s.AsyncLoadingThreadEnabled:0]]
LogConfig: Setting CVar [[s.EventDrivenLoaderEnabled:1]]
LogConfig: Setting CVar [[s.WarnIfTimeLimitExceeded:0]]
LogConfig: Setting CVar [[s.TimeLimitExceededMultiplier:1.5]]
LogConfig: Setting CVar [[s.TimeLimitExceededMinTime:0.005]]
LogConfig: Setting CVar [[s.UseBackgroundLevelStreaming:1]]
LogConfig: Setting CVar [[s.PriorityAsyncLoadingExtraTime:15.0]]
LogConfig: Setting CVar [[s.LevelStreamingActorsUpdateTimeLimit:5.0]]
LogConfig: Setting CVar [[s.PriorityLevelStreamingActorsUpdateExtraTime:5.0]]
LogConfig: Setting CVar [[s.LevelStreamingComponentsRegistrationGranularity:10]]
LogConfig: Setting CVar [[s.UnregisterComponentsTimeLimit:1.0]]
LogConfig: Setting CVar [[s.LevelStreamingComponentsUnregistrationGranularity:5]]
LogConfig: Setting CVar [[s.FlushStreamingOnExit:1]]
LogInit: Object subsystem initialized
LogConfig: Setting CVar [[con.DebugEarlyDefault:1]]
LogConfig: Setting CVar [[r.setres:1280x720]]
[2023.01.08-20.44.43:761][  0]LogConfig: Setting CVar [[r.VSync:0]]
[2023.01.08-20.44.43:761][  0]LogConfig: Setting CVar [[r.RHICmdBypass:0]]
[2023.01.08-20.44.43:761][  0]LogConfig: Applying CVar settings from Section [/Script/Engine.RendererSettings] File [D:/podstawyprogramowania/TopDownShooterMaksRog/TopDownShooterMR/Saved/Config/Windows/Engine.ini]
[2023.01.08-20.44.43:761][  0]LogConfig: Setting CVar [[r.GPUCrashDebugging:0]]
[2023.01.08-20.44.43:761][  0]LogConfig: Applying CVar settings from Section [/Script/Engine.RendererOverrideSettings] File [D:/podstawyprogramowania/TopDownShooterMaksRog/TopDownShooterMR/Saved/Config/Windows/Engine.ini]
[2023.01.08-20.44.43:761][  0]LogConfig: Applying CVar settings from Section [/Script/Engine.StreamingSettings] File [D:/podstawyprogramowania/TopDownShooterMaksRog/TopDownShooterMR/Saved/Config/Windows/Engine.ini]
[2023.01.08-20.44.43:761][  0]LogConfig: Setting CVar [[s.MinBulkDataSizeForAsyncLoading:131072]]
[2023.01.08-20.44.43:761][  0]LogConfig: Setting CVar [[s.AsyncLoadingThreadEnabled:0]]
[2023.01.08-20.44.43:761][  0]LogConfig: Setting CVar [[s.EventDrivenLoaderEnabled:1]]
[2023.01.08-20.44.43:761][  0]LogConfig: Setting CVar [[s.WarnIfTimeLimitExceeded:0]]
[2023.01.08-20.44.43:761][  0]LogConfig: Setting CVar [[s.TimeLimitExceededMultiplier:1.5]]
[2023.01.08-20.44.43:761][  0]LogConfig: Setting CVar [[s.TimeLimitExceededMinTime:0.005]]
[2023.01.08-20.44.43:761][  0]LogConfig: Setting CVar [[s.UseBackgroundLevelStreaming:1]]
[2023.01.08-20.44.43:761][  0]LogConfig: Setting CVar [[s.PriorityAsyncLoadingExtraTime:15.0]]
[2023.01.08-20.44.43:761][  0]LogConfig: Setting CVar [[s.LevelStreamingActorsUpdateTimeLimit:5.0]]
[2023.01.08-20.44.43:761][  0]LogConfig: Setting CVar [[s.PriorityLevelStreamingActorsUpdateExtraTime:5.0]]
[2023.01.08-20.44.43:761][  0]LogConfig: Setting CVar [[s.LevelStreamingComponentsRegistrationGranularity:10]]
[2023.01.08-20.44.43:761][  0]LogConfig: Setting CVar [[s.UnregisterComponentsTimeLimit:1.0]]
[2023.01.08-20.44.43:761][  0]LogConfig: Setting CVar [[s.LevelStreamingComponentsUnregistrationGranularity:5]]
[2023.01.08-20.44.43:762][  0]LogConfig: Setting CVar [[s.FlushStreamingOnExit:1]]
[2023.01.08-20.44.43:762][  0]LogConfig: Applying CVar settings from Section [/Script/Engine.GarbageCollectionSettings] File [D:/podstawyprogramowania/TopDownShooterMaksRog/TopDownShooterMR/Saved/Config/Windows/Engine.ini]
[2023.01.08-20.44.43:762][  0]LogConfig: Setting CVar [[gc.MaxObjectsNotConsideredByGC:1]]
[2023.01.08-20.44.43:762][  0]LogConfig: Setting CVar [[gc.SizeOfPermanentObjectPool:0]]
[2023.01.08-20.44.43:762][  0]LogConfig: Setting CVar [[gc.FlushStreamingOnGC:0]]
[2023.01.08-20.44.43:762][  0]LogConfig: Setting CVar [[gc.NumRetriesBeforeForcingGC:10]]
[2023.01.08-20.44.43:762][  0]LogConfig: Setting CVar [[gc.AllowParallelGC:1]]
[2023.01.08-20.44.43:762][  0]LogConfig: Setting CVar [[gc.TimeBetweenPurgingPendingKillObjects:61.1]]
[2023.01.08-20.44.43:762][  0]LogConfig: Setting CVar [[gc.MaxObjectsInEditor:25165824]]
[2023.01.08-20.44.43:762][  0]LogConfig: Setting CVar [[gc.IncrementalBeginDestroyEnabled:1]]
[2023.01.08-20.44.43:762][  0]LogConfig: Setting CVar [[gc.CreateGCClusters:1]]
[2023.01.08-20.44.43:762][  0]LogConfig: Setting CVar [[gc.MinGCClusterSize:5]]
[2023.01.08-20.44.43:762][  0]LogConfig: Setting CVar [[gc.ActorClusteringEnabled:0]]
[2023.01.08-20.44.43:762][  0]LogConfig: Setting CVar [[gc.BlueprintClusteringEnabled:0]]
[2023.01.08-20.44.43:762][  0]LogConfig: Setting CVar [[gc.UseDisregardForGCOnDedicatedServers:0]]
[2023.01.08-20.44.43:762][  0]LogConfig: Setting CVar [[gc.MultithreadedDestructionEnabled:1]]
[2023.01.08-20.44.43:762][  0]LogConfig: Applying CVar settings from Section [/Script/Engine.NetworkSettings] File [D:/podstawyprogramowania/TopDownShooterMaksRog/TopDownShooterMR/Saved/Config/Windows/Engine.ini]
[2023.01.08-20.44.43:762][  0]LogConfig: Applying CVar settings from Section [/Script/UnrealEd.CookerSettings] File [D:/podstawyprogramowania/TopDownShooterMaksRog/TopDownShooterMR/Saved/Config/Windows/Engine.ini]
[2023.01.08-20.44.43:769][  0]LogConfig: Applying CVar settings from Section [ViewDistanceQuality@3] File [D:/podstawyprogramowania/TopDownShooterMaksRog/TopDownShooterMR/Saved/Config/Windows/Scalability.ini]
[2023.01.08-20.44.43:769][  0]LogConfig: Setting CVar [[r.SkeletalMeshLODBias:0]]
[2023.01.08-20.44.43:769][  0]LogConfig: Setting CVar [[r.ViewDistanceScale:1.0]]
[2023.01.08-20.44.43:769][  0]LogConfig: Applying CVar settings from Section [AntiAliasingQuality@3] File [D:/podstawyprogramowania/TopDownShooterMaksRog/TopDownShooterMR/Saved/Config/Windows/Scalability.ini]
[2023.01.08-20.44.43:769][  0]LogConfig: Setting CVar [[r.PostProcessAAQuality:4]]
[2023.01.08-20.44.43:769][  0]LogConfig: Applying CVar settings from Section [ShadowQuality@3] File [D:/podstawyprogramowania/TopDownShooterMaksRog/TopDownShooterMR/Saved/Config/Windows/Scalability.ini]
[2023.01.08-20.44.43:769][  0]LogConfig: Setting CVar [[r.LightFunctionQuality:1]]
[2023.01.08-20.44.43:769][  0]LogConfig: Setting CVar [[r.ShadowQuality:5]]
[2023.01.08-20.44.43:769][  0]LogConfig: Setting CVar [[r.Shadow.CSM.MaxCascades:10]]
[2023.01.08-20.44.43:769][  0]LogConfig: Setting CVar [[r.Shadow.MaxResolution:2048]]
[2023.01.08-20.44.43:769][  0]LogConfig: Setting CVar [[r.Shadow.MaxCSMResolution:2048]]
[2023.01.08-20.44.43:769][  0]LogConfig: Setting CVar [[r.Shadow.RadiusThreshold:0.01]]
[2023.01.08-20.44.43:769][  0]LogConfig: Setting CVar [[r.Shadow.DistanceScale:1.0]]
[2023.01.08-20.44.43:769][  0]LogConfig: Setting CVar [[r.Shadow.CSM.TransitionScale:1.0]]
[2023.01.08-20.44.43:769][  0]LogConfig: Setting CVar [[r.Shadow.PreShadowResolutionFactor:1.0]]
[2023.01.08-20.44.43:769][  0]LogConfig: Setting CVar [[r.DistanceFieldShadowing:1]]
[2023.01.08-20.44.43:769][  0]LogConfig: Setting CVar [[r.DistanceFieldAO:1]]
[2023.01.08-20.44.43:769][  0]LogConfig: Setting CVar [[r.AOQuality:2]]
[2023.01.08-20.44.43:769][  0]LogConfig: Setting CVar [[r.VolumetricFog:1]]
[2023.01.08-20.44.43:769][  0]LogConfig: Setting CVar [[r.VolumetricFog.GridPixelSize:8]]
[2023.01.08-20.44.43:769][  0]LogConfig: Setting CVar [[r.VolumetricFog.GridSizeZ:128]]
[2023.01.08-20.44.43:769][  0]LogConfig: Setting CVar [[r.VolumetricFog.HistoryMissSupersampleCount:4]]
[2023.01.08-20.44.43:769][  0]LogConfig: Setting CVar [[r.LightMaxDrawDistanceScale:1]]
[2023.01.08-20.44.43:769][  0]LogConfig: Setting CVar [[r.CapsuleShadows:1]]
[2023.01.08-20.44.43:769][  0]LogConfig: Applying CVar settings from Section [PostProcessQuality@3] File [D:/podstawyprogramowania/TopDownShooterMaksRog/TopDownShooterMR/Saved/Config/Windows/Scalability.ini]
[2023.01.08-20.44.43:769][  0]LogConfig: Setting CVar [[r.MotionBlurQuality:4]]
[2023.01.08-20.44.43:769][  0]LogConfig: Setting CVar [[r.AmbientOcclusionMipLevelFactor:0.4]]
[2023.01.08-20.44.43:769][  0]LogConfig: Setting CVar [[r.AmbientOcclusionMaxQuality:100]]
[2023.01.08-20.44.43:769][  0]LogConfig: Setting CVar [[r.AmbientOcclusionLevels:-1]]
[2023.01.08-20.44.43:769][  0]LogConfig: Setting CVar [[r.AmbientOcclusionRadiusScale:1.0]]
[2023.01.08-20.44.43:769][  0]LogConfig: Setting CVar [[r.DepthOfFieldQuality:2]]
[2023.01.08-20.44.43:769][  0]LogConfig: Setting CVar [[r.RenderTargetPoolMin:400]]
[2023.01.08-20.44.43:769][  0]LogConfig: Setting CVar [[r.LensFlareQuality:2]]
[2023.01.08-20.44.43:769][  0]LogConfig: Setting CVar [[r.SceneColorFringeQuality:1]]
[2023.01.08-20.44.43:769][  0]LogConfig: Setting CVar [[r.EyeAdaptationQuality:2]]
[2023.01.08-20.44.43:769][  0]LogConfig: Setting CVar [[r.BloomQuality:5]]
[2023.01.08-20.44.43:769][  0]LogConfig: Setting CVar [[r.FastBlurThreshold:100]]
[2023.01.08-20.44.43:769][  0]LogConfig: Setting CVar [[r.Upscale.Quality:3]]
[2023.01.08-20.44.43:769][  0]LogConfig: Setting CVar [[r.Tonemapper.GrainQuantization:1]]
[2023.01.08-20.44.43:769][  0]LogConfig: Setting CVar [[r.LightShaftQuality:1]]
[2023.01.08-20.44.43:769][  0]LogConfig: Setting CVar [[r.Filter.SizeScale:1]]
[2023.01.08-20.44.43:769][  0]LogConfig: Setting CVar [[r.Tonemapper.Quality:5]]
[2023.01.08-20.44.43:769][  0]LogConfig: Setting CVar [[r.DOF.Gather.AccumulatorQuality:1        ; higher gathering accumulator quality]]
[2023.01.08-20.44.43:769][  0]LogConfig: Setting CVar [[r.DOF.Gather.PostfilterMethod:1          ; Median3x3 postfilering method]]
[2023.01.08-20.44.43:769][  0]LogConfig: Setting CVar [[r.DOF.Gather.EnableBokehSettings:0       ; no bokeh simulation when gathering]]
[2023.01.08-20.44.43:769][  0]LogConfig: Setting CVar [[r.DOF.Gather.RingCount:4                 ; medium number of samples when gathering]]
[2023.01.08-20.44.43:770][  0]LogConfig: Setting CVar [[r.DOF.Scatter.ForegroundCompositing:1    ; additive foreground scattering]]
[2023.01.08-20.44.43:770][  0]LogConfig: Setting CVar [[r.DOF.Scatter.BackgroundCompositing:2    ; additive background scattering]]
[2023.01.08-20.44.43:770][  0]LogConfig: Setting CVar [[r.DOF.Scatter.EnableBokehSettings:1      ; bokeh simulation when scattering]]
[2023.01.08-20.44.43:770][  0]LogConfig: Setting CVar [[r.DOF.Scatter.MaxSpriteRatio:0.1         ; only a maximum of 10% of scattered bokeh]]
[2023.01.08-20.44.43:770][  0]LogConfig: Setting CVar [[r.DOF.Recombine.Quality:1                ; cheap slight out of focus]]
[2023.01.08-20.44.43:770][  0]LogConfig: Setting CVar [[r.DOF.Recombine.EnableBokehSettings:0    ; no bokeh simulation on slight out of focus]]
[2023.01.08-20.44.43:770][  0]LogConfig: Setting CVar [[r.DOF.TemporalAAQuality:1                ; more stable temporal accumulation]]
[2023.01.08-20.44.43:770][  0]LogConfig: Setting CVar [[r.DOF.Kernel.MaxForegroundRadius:0.025]]
[2023.01.08-20.44.43:770][  0]LogConfig: Setting CVar [[r.DOF.Kernel.MaxBackgroundRadius:0.025]]
[2023.01.08-20.44.43:770][  0]LogConfig: Applying CVar settings from Section [TextureQuality@3] File [D:/podstawyprogramowania/TopDownShooterMaksRog/TopDownShooterMR/Saved/Config/Windows/Scalability.ini]
[2023.01.08-20.44.43:770][  0]LogConfig: Setting CVar [[r.Streaming.MipBias:0]]
[2023.01.08-20.44.43:770][  0]LogConfig: Setting CVar [[r.Streaming.AmortizeCPUToGPUCopy:0]]
[2023.01.08-20.44.43:770][  0]LogConfig: Setting CVar [[r.Streaming.MaxNumTexturesToStreamPerFrame:0]]
[2023.01.08-20.44.43:770][  0]LogConfig: Setting CVar [[r.Streaming.Boost:1]]
[2023.01.08-20.44.43:770][  0]LogConfig: Setting CVar [[r.MaxAnisotropy:8]]
[2023.01.08-20.44.43:770][  0]LogConfig: Setting CVar [[r.VT.MaxAnisotropy:8]]
[2023.01.08-20.44.43:770][  0]LogConfig: Setting CVar [[r.Streaming.LimitPoolSizeToVRAM:0]]
[2023.01.08-20.44.43:770][  0]LogConfig: Setting CVar [[r.Streaming.PoolSize:1000]]
[2023.01.08-20.44.43:770][  0]LogConfig: Setting CVar [[r.Streaming.MaxEffectiveScreenSize:0]]
[2023.01.08-20.44.43:770][  0]LogConfig: Applying CVar settings from Section [EffectsQuality@3] File [D:/podstawyprogramowania/TopDownShooterMaksRog/TopDownShooterMR/Saved/Config/Windows/Scalability.ini]
[2023.01.08-20.44.43:770][  0]LogConfig: Setting CVar [[r.TranslucencyLightingVolumeDim:64]]
[2023.01.08-20.44.43:770][  0]LogConfig: Setting CVar [[r.RefractionQuality:2]]
[2023.01.08-20.44.43:770][  0]LogConfig: Setting CVar [[r.SSR.Quality:3]]
[2023.01.08-20.44.43:770][  0]LogConfig: Setting CVar [[r.SSR.HalfResSceneColor:0]]
[2023.01.08-20.44.43:770][  0]LogConfig: Setting CVar [[r.SceneColorFormat:4]]
[2023.01.08-20.44.43:770][  0]LogConfig: Setting CVar [[r.DetailMode:2]]
[2023.01.08-20.44.43:770][  0]LogConfig: Setting CVar [[r.TranslucencyVolumeBlur:1]]
[2023.01.08-20.44.43:770][  0]LogConfig: Setting CVar [[r.MaterialQualityLevel:1 ; High quality]]
[2023.01.08-20.44.43:770][  0]LogConfig: Setting CVar [[r.AnisotropicMaterials:1]]
[2023.01.08-20.44.43:770][  0]LogConfig: Setting CVar [[r.SSS.Scale:1]]
[2023.01.08-20.44.43:770][  0]LogConfig: Setting CVar [[r.SSS.SampleSet:2]]
[2023.01.08-20.44.43:770][  0]LogConfig: Setting CVar [[r.SSS.Quality:1]]
[2023.01.08-20.44.43:770][  0]LogConfig: Setting CVar [[r.SSS.HalfRes:0]]
[2023.01.08-20.44.43:770][  0]LogConfig: Setting CVar [[r.SSGI.Quality:3]]
[2023.01.08-20.44.43:770][  0]LogConfig: Setting CVar [[r.EmitterSpawnRateScale:1.0]]
[2023.01.08-20.44.43:770][  0]LogConfig: Setting CVar [[r.ParticleLightQuality:2]]
[2023.01.08-20.44.43:770][  0]LogConfig: Setting CVar [[r.SkyAtmosphere.AerialPerspectiveLUT.FastApplyOnOpaque:1 ; Always have FastSkyLUT 1 in this case to avoid wrong sky]]
[2023.01.08-20.44.43:770][  0]LogConfig: Setting CVar [[r.SkyAtmosphere.AerialPerspectiveLUT.SampleCountMaxPerSlice:4]]
[2023.01.08-20.44.43:770][  0]LogConfig: Setting CVar [[r.SkyAtmosphere.AerialPerspectiveLUT.DepthResolution:16.0]]
[2023.01.08-20.44.43:770][  0]LogConfig: Setting CVar [[r.SkyAtmosphere.FastSkyLUT:1]]
[2023.01.08-20.44.43:770][  0]LogConfig: Setting CVar [[r.SkyAtmosphere.FastSkyLUT.SampleCountMin:4.0]]
[2023.01.08-20.44.43:770][  0]LogConfig: Setting CVar [[r.SkyAtmosphere.FastSkyLUT.SampleCountMax:128.0]]
[2023.01.08-20.44.43:770][  0]LogConfig: Setting CVar [[r.SkyAtmosphere.SampleCountMin:4.0]]
[2023.01.08-20.44.43:770][  0]LogConfig: Setting CVar [[r.SkyAtmosphere.SampleCountMax:128.0]]
[2023.01.08-20.44.43:770][  0]LogConfig: Setting CVar [[r.SkyAtmosphere.TransmittanceLUT.UseSmallFormat:0]]
[2023.01.08-20.44.43:770][  0]LogConfig: Setting CVar [[r.SkyAtmosphere.TransmittanceLUT.SampleCount:10.0]]
[2023.01.08-20.44.43:770][  0]LogConfig: Setting CVar [[r.SkyAtmosphere.MultiScatteringLUT.SampleCount:15.0]]
[2023.01.08-20.44.43:770][  0]LogConfig: Setting CVar [[r.SkyLight.RealTimeReflectionCapture:1]]
[2023.01.08-20.44.43:770][  0]LogConfig: Applying CVar settings from Section [FoliageQuality@3] File [D:/podstawyprogramowania/TopDownShooterMaksRog/TopDownShooterMR/Saved/Config/Windows/Scalability.ini]
[2023.01.08-20.44.43:770][  0]LogConfig: Setting CVar [[foliage.DensityScale:1.0]]
[2023.01.08-20.44.43:770][  0]LogConfig: Setting CVar [[grass.DensityScale:1.0]]
[2023.01.08-20.44.43:770][  0]LogConfig: Applying CVar settings from Section [ShadingQuality@3] File [D:/podstawyprogramowania/TopDownShooterMaksRog/TopDownShooterMR/Saved/Config/Windows/Scalability.ini]
[2023.01.08-20.44.43:770][  0]LogConfig: Setting CVar [[r.HairStrands.SkyLighting.IntegrationType:2]]
[2023.01.08-20.44.43:770][  0]LogConfig: Setting CVar [[r.HairStrands.SkyAO.SampleCount:4]]
[2023.01.08-20.44.43:770][  0]LogConfig: Setting CVar [[r.HairStrands.Visibility.MSAA.SamplePerPixel:4]]
[2023.01.08-20.44.43:770][  0]LogInit: Selected Device Profile: [Windows]
[2023.01.08-20.44.43:770][  0]LogInit: Applying CVar settings loaded from the selected device profile: [Windows]
[2023.01.08-20.44.43:770][  0]LogHAL: Display: Platform has ~ 32 GB [34290999296 / 34359738368 / 32], which maps to Largest [LargestMinGB=32, LargerMinGB=12, DefaultMinGB=8, SmallerMinGB=6, SmallestMinGB=0)
[2023.01.08-20.44.43:770][  0]LogInit: Going up to parent DeviceProfile []
[2023.01.08-20.44.43:770][  0]LogConfig: Applying CVar settings from Section [ViewDistanceQuality@3] File [D:/podstawyprogramowania/TopDownShooterMaksRog/TopDownShooterMR/Saved/Config/Windows/Scalability.ini]
[2023.01.08-20.44.43:770][  0]LogConfig: Setting CVar [[r.SkeletalMeshLODBias:0]]
[2023.01.08-20.44.43:770][  0]LogConfig: Setting CVar [[r.ViewDistanceScale:1.0]]
[2023.01.08-20.44.43:770][  0]LogConfig: Applying CVar settings from Section [AntiAliasingQuality@3] File [D:/podstawyprogramowania/TopDownShooterMaksRog/TopDownShooterMR/Saved/Config/Windows/Scalability.ini]
[2023.01.08-20.44.43:770][  0]LogConfig: Setting CVar [[r.PostProcessAAQuality:4]]
[2023.01.08-20.44.43:770][  0]LogConfig: Applying CVar settings from Section [ShadowQuality@3] File [D:/podstawyprogramowania/TopDownShooterMaksRog/TopDownShooterMR/Saved/Config/Windows/Scalability.ini]
[2023.01.08-20.44.43:770][  0]LogConfig: Setting CVar [[r.LightFunctionQuality:1]]
[2023.01.08-20.44.43:770][  0]LogConfig: Setting CVar [[r.ShadowQuality:5]]
[2023.01.08-20.44.43:770][  0]LogConfig: Setting CVar [[r.Shadow.CSM.MaxCascades:10]]
[2023.01.08-20.44.43:770][  0]LogConfig: Setting CVar [[r.Shadow.MaxResolution:2048]]
[2023.01.08-20.44.43:770][  0]LogConfig: Setting CVar [[r.Shadow.MaxCSMResolution:2048]]
[2023.01.08-20.44.43:770][  0]LogConfig: Setting CVar [[r.Shadow.RadiusThreshold:0.01]]
[2023.01.08-20.44.43:770][  0]LogConfig: Setting CVar [[r.Shadow.DistanceScale:1.0]]
[2023.01.08-20.44.43:770][  0]LogConfig: Setting CVar [[r.Shadow.CSM.TransitionScale:1.0]]
[2023.01.08-20.44.43:770][  0]LogConfig: Setting CVar [[r.Shadow.PreShadowResolutionFactor:1.0]]
[2023.01.08-20.44.43:770][  0]LogConfig: Setting CVar [[r.DistanceFieldShadowing:1]]
[2023.01.08-20.44.43:770][  0]LogConfig: Setting CVar [[r.DistanceFieldAO:1]]
[2023.01.08-20.44.43:770][  0]LogConfig: Setting CVar [[r.AOQuality:2]]
[2023.01.08-20.44.43:770][  0]LogConfig: Setting CVar [[r.VolumetricFog:1]]
[2023.01.08-20.44.43:770][  0]LogConfig: Setting CVar [[r.VolumetricFog.GridPixelSize:8]]
[2023.01.08-20.44.43:770][  0]LogConfig: Setting CVar [[r.VolumetricFog.GridSizeZ:128]]
[2023.01.08-20.44.43:770][  0]LogConfig: Setting CVar [[r.VolumetricFog.HistoryMissSupersampleCount:4]]
[2023.01.08-20.44.43:770][  0]LogConfig: Setting CVar [[r.LightMaxDrawDistanceScale:1]]
[2023.01.08-20.44.43:770][  0]LogConfig: Setting CVar [[r.CapsuleShadows:1]]
[2023.01.08-20.44.43:770][  0]LogConfig: Applying CVar settings from Section [PostProcessQuality@3] File [D:/podstawyprogramowania/TopDownShooterMaksRog/TopDownShooterMR/Saved/Config/Windows/Scalability.ini]
[2023.01.08-20.44.43:770][  0]LogConfig: Setting CVar [[r.MotionBlurQuality:4]]
[2023.01.08-20.44.43:770][  0]LogConfig: Setting CVar [[r.AmbientOcclusionMipLevelFactor:0.4]]
[2023.01.08-20.44.43:770][  0]LogConfig: Setting CVar [[r.AmbientOcclusionMaxQuality:100]]
[2023.01.08-20.44.43:770][  0]LogConfig: Setting CVar [[r.AmbientOcclusionLevels:-1]]
[2023.01.08-20.44.43:770][  0]LogConfig: Setting CVar [[r.AmbientOcclusionRadiusScale:1.0]]
[2023.01.08-20.44.43:770][  0]LogConfig: Setting CVar [[r.DepthOfFieldQuality:2]]
[2023.01.08-20.44.43:770][  0]LogConfig: Setting CVar [[r.RenderTargetPoolMin:400]]
[2023.01.08-20.44.43:770][  0]LogConfig: Setting CVar [[r.LensFlareQuality:2]]
[2023.01.08-20.44.43:770][  0]LogConfig: Setting CVar [[r.SceneColorFringeQuality:1]]
[2023.01.08-20.44.43:770][  0]LogConfig: Setting CVar [[r.EyeAdaptationQuality:2]]
[2023.01.08-20.44.43:770][  0]LogConfig: Setting CVar [[r.BloomQuality:5]]
[2023.01.08-20.44.43:770][  0]LogConfig: Setting CVar [[r.FastBlurThreshold:100]]
[2023.01.08-20.44.43:770][  0]LogConfig: Setting CVar [[r.Upscale.Quality:3]]
[2023.01.08-20.44.43:770][  0]LogConfig: Setting CVar [[r.Tonemapper.GrainQuantization:1]]
[2023.01.08-20.44.43:770][  0]LogConfig: Setting CVar [[r.LightShaftQuality:1]]
[2023.01.08-20.44.43:770][  0]LogConfig: Setting CVar [[r.Filter.SizeScale:1]]
[2023.01.08-20.44.43:770][  0]LogConfig: Setting CVar [[r.Tonemapper.Quality:5]]
[2023.01.08-20.44.43:770][  0]LogConfig: Setting CVar [[r.DOF.Gather.AccumulatorQuality:1        ; higher gathering accumulator quality]]
[2023.01.08-20.44.43:770][  0]LogConfig: Setting CVar [[r.DOF.Gather.PostfilterMethod:1          ; Median3x3 postfilering method]]
[2023.01.08-20.44.43:770][  0]LogConfig: Setting CVar [[r.DOF.Gather.EnableBokehSettings:0       ; no bokeh simulation when gathering]]
[2023.01.08-20.44.43:770][  0]LogConfig: Setting CVar [[r.DOF.Gather.RingCount:4                 ; medium number of samples when gathering]]
[2023.01.08-20.44.43:770][  0]LogConfig: Setting CVar [[r.DOF.Scatter.ForegroundCompositing:1    ; additive foreground scattering]]
[2023.01.08-20.44.43:770][  0]LogConfig: Setting CVar [[r.DOF.Scatter.BackgroundCompositing:2    ; additive background scattering]]
[2023.01.08-20.44.43:771][  0]LogConfig: Setting CVar [[r.DOF.Scatter.EnableBokehSettings:1      ; bokeh simulation when scattering]]
[2023.01.08-20.44.43:771][  0]LogConfig: Setting CVar [[r.DOF.Scatter.MaxSpriteRatio:0.1         ; only a maximum of 10% of scattered bokeh]]
[2023.01.08-20.44.43:771][  0]LogConfig: Setting CVar [[r.DOF.Recombine.Quality:1                ; cheap slight out of focus]]
[2023.01.08-20.44.43:771][  0]LogConfig: Setting CVar [[r.DOF.Recombine.EnableBokehSettings:0    ; no bokeh simulation on slight out of focus]]
[2023.01.08-20.44.43:771][  0]LogConfig: Setting CVar [[r.DOF.TemporalAAQuality:1                ; more stable temporal accumulation]]
[2023.01.08-20.44.43:771][  0]LogConfig: Setting CVar [[r.DOF.Kernel.MaxForegroundRadius:0.025]]
[2023.01.08-20.44.43:771][  0]LogConfig: Setting CVar [[r.DOF.Kernel.MaxBackgroundRadius:0.025]]
[2023.01.08-20.44.43:771][  0]LogConfig: Applying CVar settings from Section [TextureQuality@3] File [D:/podstawyprogramowania/TopDownShooterMaksRog/TopDownShooterMR/Saved/Config/Windows/Scalability.ini]
[2023.01.08-20.44.43:771][  0]LogConfig: Setting CVar [[r.Streaming.MipBias:0]]
[2023.01.08-20.44.43:771][  0]LogConfig: Setting CVar [[r.Streaming.AmortizeCPUToGPUCopy:0]]
[2023.01.08-20.44.43:771][  0]LogConfig: Setting CVar [[r.Streaming.MaxNumTexturesToStreamPerFrame:0]]
[2023.01.08-20.44.43:771][  0]LogConfig: Setting CVar [[r.Streaming.Boost:1]]
[2023.01.08-20.44.43:771][  0]LogConfig: Setting CVar [[r.MaxAnisotropy:8]]
[2023.01.08-20.44.43:771][  0]LogConfig: Setting CVar [[r.VT.MaxAnisotropy:8]]
[2023.01.08-20.44.43:771][  0]LogConfig: Setting CVar [[r.Streaming.LimitPoolSizeToVRAM:0]]
[2023.01.08-20.44.43:771][  0]LogConfig: Setting CVar [[r.Streaming.PoolSize:1000]]
[2023.01.08-20.44.43:771][  0]LogConfig: Setting CVar [[r.Streaming.MaxEffectiveScreenSize:0]]
[2023.01.08-20.44.43:771][  0]LogConfig: Applying CVar settings from Section [EffectsQuality@3] File [D:/podstawyprogramowania/TopDownShooterMaksRog/TopDownShooterMR/Saved/Config/Windows/Scalability.ini]
[2023.01.08-20.44.43:771][  0]LogConfig: Setting CVar [[r.TranslucencyLightingVolumeDim:64]]
[2023.01.08-20.44.43:771][  0]LogConfig: Setting CVar [[r.RefractionQuality:2]]
[2023.01.08-20.44.43:771][  0]LogConfig: Setting CVar [[r.SSR.Quality:3]]
[2023.01.08-20.44.43:771][  0]LogConfig: Setting CVar [[r.SSR.HalfResSceneColor:0]]
[2023.01.08-20.44.43:771][  0]LogConfig: Setting CVar [[r.SceneColorFormat:4]]
[2023.01.08-20.44.43:771][  0]LogConfig: Setting CVar [[r.DetailMode:2]]
[2023.01.08-20.44.43:771][  0]LogConfig: Setting CVar [[r.TranslucencyVolumeBlur:1]]
[2023.01.08-20.44.43:771][  0]LogConfig: Setting CVar [[r.MaterialQualityLevel:1 ; High quality]]
[2023.01.08-20.44.43:771][  0]LogConfig: Setting CVar [[r.AnisotropicMaterials:1]]
[2023.01.08-20.44.43:771][  0]LogConfig: Setting CVar [[r.SSS.Scale:1]]
[2023.01.08-20.44.43:771][  0]LogConfig: Setting CVar [[r.SSS.SampleSet:2]]
[2023.01.08-20.44.43:771][  0]LogConfig: Setting CVar [[r.SSS.Quality:1]]
[2023.01.08-20.44.43:771][  0]LogConfig: Setting CVar [[r.SSS.HalfRes:0]]
[2023.01.08-20.44.43:771][  0]LogConfig: Setting CVar [[r.SSGI.Quality:3]]
[2023.01.08-20.44.43:771][  0]LogConfig: Setting CVar [[r.EmitterSpawnRateScale:1.0]]
[2023.01.08-20.44.43:771][  0]LogConfig: Setting CVar [[r.ParticleLightQuality:2]]
[2023.01.08-20.44.43:771][  0]LogConfig: Setting CVar [[r.SkyAtmosphere.AerialPerspectiveLUT.FastApplyOnOpaque:1 ; Always have FastSkyLUT 1 in this case to avoid wrong sky]]
[2023.01.08-20.44.43:771][  0]LogConfig: Setting CVar [[r.SkyAtmosphere.AerialPerspectiveLUT.SampleCountMaxPerSlice:4]]
[2023.01.08-20.44.43:771][  0]LogConfig: Setting CVar [[r.SkyAtmosphere.AerialPerspectiveLUT.DepthResolution:16.0]]
[2023.01.08-20.44.43:771][  0]LogConfig: Setting CVar [[r.SkyAtmosphere.FastSkyLUT:1]]
[2023.01.08-20.44.43:771][  0]LogConfig: Setting CVar [[r.SkyAtmosphere.FastSkyLUT.SampleCountMin:4.0]]
[2023.01.08-20.44.43:771][  0]LogConfig: Setting CVar [[r.SkyAtmosphere.FastSkyLUT.SampleCountMax:128.0]]
[2023.01.08-20.44.43:771][  0]LogConfig: Setting CVar [[r.SkyAtmosphere.SampleCountMin:4.0]]
[2023.01.08-20.44.43:771][  0]LogConfig: Setting CVar [[r.SkyAtmosphere.SampleCountMax:128.0]]
[2023.01.08-20.44.43:771][  0]LogConfig: Setting CVar [[r.SkyAtmosphere.TransmittanceLUT.UseSmallFormat:0]]
[2023.01.08-20.44.43:771][  0]LogConfig: Setting CVar [[r.SkyAtmosphere.TransmittanceLUT.SampleCount:10.0]]
[2023.01.08-20.44.43:771][  0]LogConfig: Setting CVar [[r.SkyAtmosphere.MultiScatteringLUT.SampleCount:15.0]]
[2023.01.08-20.44.43:771][  0]LogConfig: Setting CVar [[r.SkyLight.RealTimeReflectionCapture:1]]
[2023.01.08-20.44.43:771][  0]LogConfig: Applying CVar settings from Section [FoliageQuality@3] File [D:/podstawyprogramowania/TopDownShooterMaksRog/TopDownShooterMR/Saved/Config/Windows/Scalability.ini]
[2023.01.08-20.44.43:771][  0]LogConfig: Setting CVar [[foliage.DensityScale:1.0]]
[2023.01.08-20.44.43:771][  0]LogConfig: Setting CVar [[grass.DensityScale:1.0]]
[2023.01.08-20.44.43:771][  0]LogConfig: Applying CVar settings from Section [ShadingQuality@3] File [D:/podstawyprogramowania/TopDownShooterMaksRog/TopDownShooterMR/Saved/Config/Windows/Scalability.ini]
[2023.01.08-20.44.43:771][  0]LogConfig: Setting CVar [[r.HairStrands.SkyLighting.IntegrationType:2]]
[2023.01.08-20.44.43:771][  0]LogConfig: Setting CVar [[r.HairStrands.SkyAO.SampleCount:4]]
[2023.01.08-20.44.43:771][  0]LogConfig: Setting CVar [[r.HairStrands.Visibility.MSAA.SamplePerPixel:4]]
[2023.01.08-20.44.43:771][  0]LogConfig: Applying CVar settings from Section [Startup] File [../../../Engine/Config/ConsoleVariables.ini]
[2023.01.08-20.44.43:771][  0]LogConfig: Setting CVar [[net.UseAdaptiveNetUpdateFrequency:0]]
[2023.01.08-20.44.43:771][  0]LogConfig: Setting CVar [[p.chaos.AllowCreatePhysxBodies:1]]
[2023.01.08-20.44.43:771][  0]LogConfig: Setting CVar [[fx.SkipVectorVMBackendOptimizations:1]]
[2023.01.08-20.44.43:771][  0]LogConfig: Applying CVar settings from Section [ConsoleVariables] File [D:/podstawyprogramowania/TopDownShooterMaksRog/TopDownShooterMR/Saved/Config/Windows/Engine.ini]
[2023.01.08-20.44.43:771][  0]LogConfig: Applying CVar settings from Section [ConsoleVariables] File [D:/podstawyprogramowania/TopDownShooterMaksRog/TopDownShooterMR/Saved/Config/Windows/Editor.ini]
[2023.01.08-20.44.43:772][  0]LogInit: Computer: DESKTOP-KJSJC6O
[2023.01.08-20.44.43:772][  0]LogInit: User: ajgie
[2023.01.08-20.44.43:772][  0]LogInit: CPU Page size=4096, Cores=8
[2023.01.08-20.44.43:772][  0]LogInit: High frequency timer resolution =10.000000 MHz
[2023.01.08-20.44.43:772][  0]LogMemory: Memory total: Physical=31.9GB (32GB approx)
[2023.01.08-20.44.43:772][  0]LogMemory: Platform Memory Stats for Windows
[2023.01.08-20.44.43:772][  0]LogMemory: Process Physical Memory: 142.51 MB used, 142.52 MB peak
[2023.01.08-20.44.43:772][  0]LogMemory: Process Virtual Memory: 114.71 MB used, 114.71 MB peak
[2023.01.08-20.44.43:772][  0]LogMemory: Physical Memory: 8891.35 MB used,  23811.09 MB free, 32702.45 MB total
[2023.01.08-20.44.43:772][  0]LogMemory: Virtual Memory: 134191856.00 MB used,  25870.49 MB free, 134217728.00 MB total
[2023.01.08-20.44.43:776][  0]LogWindows: WindowsPlatformFeatures enabled
[2023.01.08-20.44.43:802][  0]LogInit: Physics initialised using underlying interface: PhysX
[2023.01.08-20.44.43:803][  0]LogInit: Using OS detected language (pl-PL).
[2023.01.08-20.44.43:803][  0]LogInit: Using OS detected locale (pl-PL).
[2023.01.08-20.44.43:805][  0]LogTextLocalizationManager: No specific localization for 'pl-PL' exists, so the 'pl' localization will be used.
[2023.01.08-20.44.43:806][  0]LogTextLocalizationResource: LocRes '../../../Engine/Content/Localization/Editor/pl/Editor.locres' could not be opened for reading!
[2023.01.08-20.44.43:806][  0]LogTextLocalizationResource: LocRes '../../../Engine/Content/Localization/EditorTutorials/pl/EditorTutorials.locres' could not be opened for reading!
[2023.01.08-20.44.43:806][  0]LogTextLocalizationResource: LocRes '../../../Engine/Content/Localization/Keywords/pl/Keywords.locres' could not be opened for reading!
[2023.01.08-20.44.43:806][  0]LogTextLocalizationResource: LocRes '../../../Engine/Content/Localization/Category/pl/Category.locres' could not be opened for reading!
[2023.01.08-20.44.43:806][  0]LogTextLocalizationResource: LocRes '../../../Engine/Content/Localization/ToolTips/pl/ToolTips.locres' could not be opened for reading!
[2023.01.08-20.44.43:806][  0]LogTextLocalizationResource: LocRes '../../../Engine/Content/Localization/PropertyNames/pl/PropertyNames.locres' could not be opened for reading!
[2023.01.08-20.44.43:806][  0]LogTextLocalizationResource: LocRes '../../../Engine/Content/Localization/Engine/pl/Engine.locres' could not be opened for reading!
[2023.01.08-20.44.43:807][  0]LogInit: Setting process to per monitor DPI aware
[2023.01.08-20.44.43:816][  0]LogWindowsTextInputMethodSystem: Display: IME system deactivated.
[2023.01.08-20.44.43:825][  0]LogSlate: New Slate User Created.  User Index 0, Is Virtual User: 0
[2023.01.08-20.44.43:825][  0]LogSlate: Slate User Registered.  User Index 0, Is Virtual User: 0
[2023.01.08-20.44.43:921][  0]LogD3D11RHI: Loaded GFSDK_Aftermath_Lib.x64.dll
[2023.01.08-20.44.43:923][  0]LogHMD: Failed to initialize OpenVR with code 110
[2023.01.08-20.44.43:923][  0]LogD3D11RHI: D3D11 min allowed feature level: 11_0
[2023.01.08-20.44.43:923][  0]LogD3D11RHI: D3D11 max allowed feature level: 11_0
[2023.01.08-20.44.43:923][  0]LogD3D11RHI: D3D11 adapters:
[2023.01.08-20.44.43:998][  0]LogD3D11RHI:    0. 'NVIDIA GeForce RTX 2070 SUPER' (Feature Level 11_0)
[2023.01.08-20.44.43:998][  0]LogD3D11RHI:       8011/0/16351 MB DedicatedVideo/DedicatedSystem/SharedSystem, Outputs:2, VendorId:0x10de
[2023.01.08-20.44.44:000][  0]LogD3D11RHI:    1. 'Microsoft Basic Render Driver' (Feature Level 11_0)
[2023.01.08-20.44.44:000][  0]LogD3D11RHI:       0/0/16351 MB DedicatedVideo/DedicatedSystem/SharedSystem, Outputs:0, VendorId:0x1414
[2023.01.08-20.44.44:000][  0]LogD3D11RHI: Chosen D3D11 Adapter:
[2023.01.08-20.44.44:000][  0]LogD3D11RHI:     Description : NVIDIA GeForce RTX 2070 SUPER
[2023.01.08-20.44.44:000][  0]LogD3D11RHI:     VendorId    : 10de
[2023.01.08-20.44.44:000][  0]LogD3D11RHI:     DeviceId    : 1e84
[2023.01.08-20.44.44:000][  0]LogD3D11RHI:     SubSysId    : 40081458
[2023.01.08-20.44.44:000][  0]LogD3D11RHI:     Revision    : 00a1
[2023.01.08-20.44.44:000][  0]LogD3D11RHI:     DedicatedVideoMemory : 8400142336 bytes
[2023.01.08-20.44.44:000][  0]LogD3D11RHI:     DedicatedSystemMemory : 0 bytes
[2023.01.08-20.44.44:000][  0]LogD3D11RHI:     SharedSystemMemory : 17145499648 bytes
[2023.01.08-20.44.44:000][  0]LogD3D11RHI:     AdapterLuid : 0 45861
[2023.01.08-20.44.44:005][  0]LogD3D11RHI: Creating new Direct3DDevice
[2023.01.08-20.44.44:005][  0]LogD3D11RHI:     GPU DeviceId: 0x1e84 (for the marketing name, search the web for "GPU Device Id")
[2023.01.08-20.44.44:005][  0]LogWindows: EnumDisplayDevices:
[2023.01.08-20.44.44:005][  0]LogWindows:    0. 'NVIDIA GeForce RTX 2070 SUPER' (P:1 D:1)
[2023.01.08-20.44.44:005][  0]LogWindows:    1. 'NVIDIA GeForce RTX 2070 SUPER' (P:0 D:1)
[2023.01.08-20.44.44:005][  0]LogWindows:    2. 'NVIDIA GeForce RTX 2070 SUPER' (P:0 D:0)
[2023.01.08-20.44.44:005][  0]LogWindows:    3. 'NVIDIA GeForce RTX 2070 SUPER' (P:0 D:0)
[2023.01.08-20.44.44:005][  0]LogWindows: DebugString: FoundDriverCount:4 
[2023.01.08-20.44.44:005][  0]LogD3D11RHI:     Adapter Name: NVIDIA GeForce RTX 2070 SUPER
[2023.01.08-20.44.44:005][  0]LogD3D11RHI:   Driver Version: 516.94 (internal:31.0.15.1694, unified:516.94)
[2023.01.08-20.44.44:005][  0]LogD3D11RHI:      Driver Date: 7-21-2022
[2023.01.08-20.44.44:005][  0]LogRHI: Texture pool is 5607 MB (70% of 8011 MB)
[2023.01.08-20.44.44:005][  0]LogD3D11RHI: Creating D3DDevice using adapter:
[2023.01.08-20.44.44:005][  0]LogD3D11RHI:     Description : NVIDIA GeForce RTX 2070 SUPER
[2023.01.08-20.44.44:005][  0]LogD3D11RHI:     VendorId    : 10de
[2023.01.08-20.44.44:005][  0]LogD3D11RHI:     DeviceId    : 1e84
[2023.01.08-20.44.44:005][  0]LogD3D11RHI:     SubSysId    : 40081458
[2023.01.08-20.44.44:005][  0]LogD3D11RHI:     Revision    : 00a1
[2023.01.08-20.44.44:005][  0]LogD3D11RHI:     DedicatedVideoMemory : 8400142336 bytes
[2023.01.08-20.44.44:005][  0]LogD3D11RHI:     DedicatedSystemMemory : 0 bytes
[2023.01.08-20.44.44:005][  0]LogD3D11RHI:     SharedSystemMemory : 17145499648 bytes
[2023.01.08-20.44.44:005][  0]LogD3D11RHI:     AdapterLuid : 0 45861
[2023.01.08-20.44.44:053][  0]LogD3D11RHI: RHI has support for 64 bit atomics
[2023.01.08-20.44.44:053][  0]LogD3D11RHI: Async texture creation enabled
[2023.01.08-20.44.44:053][  0]LogD3D11RHI: Array index from any shader is supported
[2023.01.08-20.44.44:074][  0]LogD3D11RHI: GPU Timing Frequency: 1000.000000 (Debug: 2 1)
[2023.01.08-20.44.44:102][  0]LogRHI: GeForceNow SDK initialized: 1
[2023.01.08-20.44.44:319][  0]LogTargetPlatformManager: Display: Loaded TargetPlatform 'AllDesktop'
[2023.01.08-20.44.44:336][  0]LogTargetPlatformManager: Display: Loaded TargetPlatform 'Android'
[2023.01.08-20.44.44:336][  0]LogTargetPlatformManager: Display: Loaded TargetPlatform 'Android_ASTC'
[2023.01.08-20.44.44:336][  0]LogTargetPlatformManager: Display: Loaded TargetPlatform 'Android_DXT'
[2023.01.08-20.44.44:336][  0]LogTargetPlatformManager: Display: Loaded TargetPlatform 'Android_ETC2'
[2023.01.08-20.44.44:336][  0]LogTargetPlatformManager: Display: Loaded TargetPlatform 'AndroidClient'
[2023.01.08-20.44.44:336][  0]LogTargetPlatformManager: Display: Loaded TargetPlatform 'Android_ASTCClient'
[2023.01.08-20.44.44:336][  0]LogTargetPlatformManager: Display: Loaded TargetPlatform 'Android_DXTClient'
[2023.01.08-20.44.44:336][  0]LogTargetPlatformManager: Display: Loaded TargetPlatform 'Android_ETC2Client'
[2023.01.08-20.44.44:336][  0]LogTargetPlatformManager: Display: Loaded TargetPlatform 'Android_Multi'
[2023.01.08-20.44.44:336][  0]LogTargetPlatformManager: Display: Loaded TargetPlatform 'Android_MultiClient'
[2023.01.08-20.44.44:350][  0]LogTargetPlatformManager: Display: Loaded TargetPlatform 'IOSClient'
[2023.01.08-20.44.44:350][  0]LogTargetPlatformManager: Display: Loaded TargetPlatform 'IOS'
[2023.01.08-20.44.44:358][  0]LogTargetPlatformManager: Display: Loaded TargetPlatform 'Linux'
[2023.01.08-20.44.44:361][  0]LogTargetPlatformManager: Display: Loaded TargetPlatform 'LinuxNoEditor'
[2023.01.08-20.44.44:364][  0]LogTargetPlatformManager: Display: Loaded TargetPlatform 'LinuxClient'
[2023.01.08-20.44.44:367][  0]LogTargetPlatformManager: Display: Loaded TargetPlatform 'LinuxServer'
[2023.01.08-20.44.44:375][  0]LogTargetPlatformManager: Display: Loaded TargetPlatform 'LinuxAArch64NoEditor'
[2023.01.08-20.44.44:378][  0]LogTargetPlatformManager: Display: Loaded TargetPlatform 'LinuxAArch64Client'
[2023.01.08-20.44.44:381][  0]LogTargetPlatformManager: Display: Loaded TargetPlatform 'LinuxAArch64Server'
[2023.01.08-20.44.44:402][  0]LogTargetPlatformManager: Display: Loaded TargetPlatform 'Lumin'
[2023.01.08-20.44.44:402][  0]LogTargetPlatformManager: Display: Loaded TargetPlatform 'LuminClient'
[2023.01.08-20.44.44:410][  0]LogTargetPlatformManager: Display: Loaded TargetPlatform 'MacNoEditor'
[2023.01.08-20.44.44:413][  0]LogTargetPlatformManager: Display: Loaded TargetPlatform 'Mac'
[2023.01.08-20.44.44:416][  0]LogTargetPlatformManager: Display: Loaded TargetPlatform 'MacClient'
[2023.01.08-20.44.44:419][  0]LogTargetPlatformManager: Display: Loaded TargetPlatform 'MacServer'
[2023.01.08-20.44.44:427][  0]LogTargetPlatformManager: Display: Loaded TargetPlatform 'TVOSClient'
[2023.01.08-20.44.44:427][  0]LogTargetPlatformManager: Display: Loaded TargetPlatform 'TVOS'
[2023.01.08-20.44.44:435][  0]LogTargetPlatformManager: Display: Loaded TargetPlatform 'WindowsNoEditor'
[2023.01.08-20.44.44:438][  0]LogTargetPlatformManager: Display: Loaded TargetPlatform 'Windows'
[2023.01.08-20.44.44:441][  0]LogTargetPlatformManager: Display: Loaded TargetPlatform 'WindowsClient'
[2023.01.08-20.44.44:444][  0]LogTargetPlatformManager: Display: Loaded TargetPlatform 'WindowsServer'
[2023.01.08-20.44.44:445][  0]LogTargetPlatformManager: Display: Building Assets For Windows
[2023.01.08-20.44.44:450][  0]LogAudioDebug: Display: Lib vorbis DLL was dynamically loaded.
[2023.01.08-20.44.44:473][  0]LogTextureFormatOodle: Display: Oodle Texture 2.9.0 init RDO Off
[2023.01.08-20.44.44:492][  0]LogRendererCore: Ray tracing is disabled. Reason: r.RayTracing=0.
[2023.01.08-20.44.44:492][  0]LogShaderCompilers: Guid format shader working directory is -17 characters bigger than the processId version (D:/podstawyprogramowania/TopDownShooterMaksRog/TopDownShooterMR/Intermediate/Shaders/WorkingDirectory/2816/).
[2023.01.08-20.44.44:492][  0]LogShaderCompilers: Cleaned the shader compiler working directory 'C:/Users/ajgie/AppData/Local/Temp/UnrealShaderWorkingDir/F081397A436A6307200006BB57665811/'.
[2023.01.08-20.44.44:492][  0]LogXGEController: Cannot use XGE Controller as Incredibuild is not installed on this machine.
[2023.01.08-20.44.44:492][  0]LogShaderCompilers: Cannot use XGE Shader Compiler as Incredibuild is not installed on this machine.
[2023.01.08-20.44.44:492][  0]LogShaderCompilers: Display: Using Local Shader Compiler.
[2023.01.08-20.44.45:070][  0]LogDerivedDataCache: Display: Max Cache Size: 512 MB
[2023.01.08-20.44.45:109][  0]LogDerivedDataCache: Loaded boot cache 0.04s 94MB C:/Users/ajgie/AppData/Local/UnrealEngine/4.27/DerivedDataCache/Boot.ddc.
[2023.01.08-20.44.45:109][  0]LogDerivedDataCache: Display: Loaded Boot cache: C:/Users/ajgie/AppData/Local/UnrealEngine/4.27/DerivedDataCache/Boot.ddc
[2023.01.08-20.44.45:109][  0]LogDerivedDataCache: FDerivedDataBackendGraph:  Pak pak cache file D:/podstawyprogramowania/TopDownShooterMaksRog/TopDownShooterMR/DerivedDataCache/DDC.ddp not found, will not use a pak cache.
[2023.01.08-20.44.45:109][  0]LogDerivedDataCache: Unable to find inner node Pak for hierarchical cache Hierarchy.
[2023.01.08-20.44.45:109][  0]LogDerivedDataCache: FDerivedDataBackendGraph:  CompressedPak pak cache file D:/podstawyprogramowania/TopDownShooterMaksRog/TopDownShooterMR/DerivedDataCache/Compressed.ddp not found, will not use a pak cache.
[2023.01.08-20.44.45:109][  0]LogDerivedDataCache: Unable to find inner node CompressedPak for hierarchical cache Hierarchy.
[2023.01.08-20.44.45:121][  0]LogDerivedDataCache: Display: Pak cache opened for reading ../../../Engine/DerivedDataCache/Compressed.ddp.
[2023.01.08-20.44.45:121][  0]LogDerivedDataCache: FDerivedDataBackendGraph:  EnterprisePak pak cache file ../../../Enterprise/DerivedDataCache/Compressed.ddp not found, will not use a pak cache.
[2023.01.08-20.44.45:121][  0]LogDerivedDataCache: Unable to find inner node EnterprisePak for hierarchical cache Hierarchy.
[2023.01.08-20.44.45:128][  0]LogDerivedDataCache: Speed tests for C:/Users/ajgie/AppData/Local/UnrealEngine/Common/DerivedDataCache took 0.01 seconds
[2023.01.08-20.44.45:128][  0]LogDerivedDataCache: Display: Performance to C:/Users/ajgie/AppData/Local/UnrealEngine/Common/DerivedDataCache: Latency=0.02ms. RandomReadSpeed=281.17MBs, RandomWriteSpeed=291.90MBs. Assigned SpeedClass 'Local'
[2023.01.08-20.44.45:129][  0]LogDerivedDataCache: Using Local data cache path C:/Users/ajgie/AppData/Local/UnrealEngine/Common/DerivedDataCache: Writable
[2023.01.08-20.44.45:129][  0]LogDerivedDataCache: Shared data cache path not found in *engine.ini, will not use an Shared cache.
[2023.01.08-20.44.45:129][  0]LogDerivedDataCache: Unable to find inner node Shared for hierarchical cache Hierarchy.
[2023.01.08-20.44.45:166][  0]LogSlate: Using FreeType 2.10.0
[2023.01.08-20.44.45:166][  0]LogSlate: SlateFontServices - WITH_FREETYPE: 1, WITH_HARFBUZZ: 1
[2023.01.08-20.44.45:184][  0]LogAssetRegistry: FAssetRegistry took 0.0022 seconds to start up
[2023.01.08-20.44.45:352][  0]LogInit: Selected Device Profile: [Windows]
[2023.01.08-20.44.45:352][  0]LogInit: Active device profile: [000001BB33240700][000001BB31E34880 49] Windows
[2023.01.08-20.44.45:352][  0]LogInit: Profiles: [000001BB33240700][000001BB31E34880 49] Windows, [000001BB33203700][000001BB31E389C0 49] WindowsNoEditor, [000001BB33243300][000001BB31E3CB00 49] WindowsServer, [000001BB33200F00][000001BB31E44C80 49] WindowsClient, [000001BB33243500][000001BB31E48E00 49] IOS, [000001BB331F3F00][000001BB31E4CF80 49] iPadAir, [000001BB33203B00][000001BB31E51100 49] iPadAir2, [000001BB3316C500][000001BB31E593C0 49] IPadPro, [000001BB3316C600][000001BB31E55400 49] iPadAir3, [000001BB331F0100][000001BB31ECD580 49] iPadAir4, [000001BB3316EC00][000001BB31EDF700 49] iPadMini2, [000001BB331F2500][000001BB31EE3880 49] iPadMini3, [000001BB3316F400][000001BB31EF3A00 49] iPadMini4, [000001BB331F0F00][000001BB31EF7B80 49] iPadMini5, [000001BB33163E00][000001BB2F7F02C0 49] iPhone6, [000001BB33163F00][000001BB31EFA300 49] iPodTouch6, [000001BB33243900][000001BB274405C0 49] iPhone7, [000001BB33242100][000001BB2743C600 49] iPodTouch7, [000001BB33160400][000001BB27444780 49] iPhone5S, [000001BB3316FD00][000001BB27448900 49] iPhone6Plus, [000001BB33243400][000001BB31E40A40 49] iPhone6S, [000001BB3316E000][000001BB2745CB80 49] iPhone6SPlus, [000001BB33240900][000001BB27464CC0 49] iPhone7Plus, [000001BB3316CE00][000001BB342B2E40 49] iPhoneSE, [000001BB33240200][000001BB342DCFC0 49] iPhone8, [000001BB3316E400][000001BB342E1140 49] iPhone8Plus, [000001BB33241E00][000001BB342ED2C0 49] iPhoneX, [000001BB3316FE00][000001BB34301440 49] iPhoneXS, [000001BB33241600][000001BB31EA95C0 49] iPhoneXSMax, [000001BB3316E500][000001BB31EAD740 49] iPhoneXR, [000001BB33242A00][000001BB31EB18C0 49] iPhone11, [000001BB3316FA00][000001BB27049A40 49] iPhone11Pro, [000001BB33240F00][000001BB31EB5BC0 49] iPhone11ProMax, [000001BB3316E300][000001BB347141C0 49] iPhoneSE2, [000001BB33242700][000001BB34718340 49] iPhone12Mini, [000001BB3316C700][000001BB3471C4C0 49] iPhone12, [000001BB33243100][000001BB2F7E4640 49] iPhone12Pro, [000001BB3316F500][000001BB2F7E87C0 49] iPhone12ProMax, [000001BB33240800][000001BB31EB8940 49] iPadPro105, [000001BB3316DC00][000001BB31EBCAC0 49] iPadPro129, [000001BB33240300][000001BB342AEC00 49] iPadPro97, [000001BB3316DD00][000001BB31EC0D40 49] iPadPro2_129, [000001BB33240C00][000001BB31EC4E80 49] iPad5, [000001BB3316F000][000001BB270CCFC0 49] iPad6, [000001BB33242C00][000001BB270F1140 49] iPad7, [000001BB3316EE00][000001BB270F92C0 49] iPad8, [000001BB33241800][000001BB270FD440 49] iPadPro11, [000001BB3316DB00][000001BB271015C0 49] iPadPro2_11, [000001BB33241500][000001BB30859740 49] iPadPro3_129, [000001BB3316E700][000001BB308678C0 49] iPadPro4_129, [000001BB33240100][000001BB3086BA40 49] AppleTV, [000001BB3316EB00][000001BB3086FBC0 49] AppleTV4K, [000001BB33241B00][000001BB308721C0 49] TVOS, [000001BB3316C900][000001BB30876340 49] Mac, [000001BB33241700][000001BB3087A4C0 49] MacClient, [000001BB3316EF00][000001BB3087E640 49] MacNoEditor, [000001BB33240D00][000001BB308827C0 49] MacServer, [000001BB3316C300][000001BB346A6940 49] Linux, [000001BB33242E00][000001BB346AAAC0 49] LinuxAArch64, [000001BB3316D500][000001BB346AEC40 49] LinuxNoEditor, [000001BB33242400][000001BB270ECD80 49] LinuxAArch64NoEditor, [000001BB3316C200][000001BB346FAEC0 49] LinuxClient, [000001BB33242D00][000001BB34707000 49] LinuxAArch64Client, [000001BB3316CC00][000001BB3470B140 49] LinuxServer, [000001BB33240400][000001BB270012C0 49] LinuxAArch64Server, [000001BB3316D000][000001BB27005440 49] Android, [000001BB331F3900][000001BB2700D5C0 49] Android_Low, [000001BB33161B00][000001BB27043740 49] Android_Mid, [000001BB331F3000][000001BB346878C0 49] Android_High, [000001BB33162300][000001BB3468BA40 49] Android_Default, [000001BB331F2000][000001BB3468FBC0 49] Android_Adreno4xx, [000001BB33160100][000001BB341AA1C0 49] Android_Adreno5xx_Low, [000001BB331F0B00][000001BB27008340 49] Android_Adreno5xx, [000001BB33161800][000001BB346924C0 49] Android_Adreno6xx, [000001BB331F1100][000001BB346A2640 49] Android_Adreno6xx_Vulkan, [000001BB33160800][000001BB2F7C47C0 49] Android_Mali_T6xx, [000001BB331F3600][000001BB2F7C8940 49] Android_Mali_T7xx, [000001BB33160D00][000001BB2F7CCAC0 49] Android_Mali_T8xx, [000001BB331F3C00][000001BB2F7D0C40 49] Android_Mali_G71, [000001BB33161500][000001BB2F7D4DC0 49] Android_Mali_G72, [000001BB331F3E00][000001BB270F4F40 49] Android_Mali_G72_Vulkan, [000001BB33163D00][000001BB3470F080 49] Android_Mali_G76, [000001BB331F3A00][000001BB342E51C0 49] Android_Mali_G76_Vulkan, [000001BB33163600][000001BB342E9300 49] Android_Mali_G77, [000001BB331F2200][000001BB2F7DD480 49] Android_Mali_G77_Vulkan, [000001BB33161200][000001BB2F7E1600 49] Android_Mali_G78, [000001BB331F0A00][000001BB307D9780 49] Android_Mali_G78_Vulkan, [000001BB33163000][000001BB307DD900 49] Android_Mali_G710, [000001BB331F1400][000001BB307E1A80 49] Android_Mali_G710_Vulkan, [000001BB33160700][000001BB307E5C00 49] Android_Vulkan_SM5, [000001BB331F1800][000001BB307E8200 49] Android_PowerVR_G6xxx, [000001BB33160E00][000001BB307EC380 49] Android_PowerVR_GT7xxx, [000001BB331F0200][000001BB307F0500 49] Android_PowerVR_GE8xxx, [000001BB33160600][000001BB307F4680 49] Android_PowerVR_GM9xxx, [000001BB331F2600][000001BB307F8800 49] Android_PowerVR_GM9xxx_Vulkan, [000001BB3316CF00][000001BB307FC980 49] Android_TegraK1, [000001BB331F2A00][000001BB30800B00 49] Android_Unknown_Vulkan, [000001BB3316CD00][000001BB30804C80 49] Lumin, [000001BB331F1200][000001BB30808E00 49] Lumin_Desktop, [000001BB3316CB00][000001BB3080CF80 49] HoloLens, 
[2023.01.08-20.44.45:449][  0]LogMeshReduction: Using QuadricMeshReduction for automatic static mesh reduction
[2023.01.08-20.44.45:449][  0]LogMeshReduction: Using SimplygonMeshReduction for automatic skeletal mesh reduction
[2023.01.08-20.44.45:449][  0]LogMeshReduction: Using ProxyLODMeshReduction for automatic mesh merging
[2023.01.08-20.44.45:449][  0]LogMeshReduction: No distributed automatic mesh merging module available
[2023.01.08-20.44.45:449][  0]LogMeshMerging: No distributed automatic mesh merging module available
[2023.01.08-20.44.45:461][  0]LogNetVersion: TopDownShooterMR 1.0.0, NetCL: 17155196, EngineNetVer: 17, GameNetVer: 0 (Checksum: 2256319892)
[2023.01.08-20.44.45:743][  0]LogTexture: Default maximum texture size for cubemaps generated from long-lat sources has been changed from 512 to unlimited. In order to preserve old behaiour for '/Engine/MapTemplates/Sky/DaylightAmbientCubemap.DaylightAmbientCubemap', its maximum texture size has been explicitly set to 512.
[2023.01.08-20.44.45:782][  0]LogHMD: PokeAHoleMaterial loaded successfully
[2023.01.08-20.44.45:787][  0]LogUObjectArray: 17178 objects as part of root set at end of initial load.
[2023.01.08-20.44.45:787][  0]LogUObjectAllocator: 4301856 out of 0 bytes used by permanent object pool.
[2023.01.08-20.44.45:787][  0]LogUObjectArray: CloseDisregardForGC: 0/0 objects in disregard for GC pool
[2023.01.08-20.44.45:970][  0]LogNiagaraDebuggerClient: Niagara Debugger Client Initialized | Session: 8E7CA9CF40E699A0590D459268C01891 | Instance: 63B9D83945340322EF61A390BD4266FA (DESKTOP-KJSJC6O-2816).
[2023.01.08-20.44.46:002][  0]LogImageWrapper: Warning: PNG Warning: Duplicate iCCP chunk
[2023.01.08-20.44.46:002][  0]LogImageWrapper: Warning: PNG Warning: Duplicate iCCP chunk
[2023.01.08-20.44.46:002][  0]LogPython: Using Python 3.7.7
[2023.01.08-20.44.46:448][  0]LogTcpMessaging: Initializing TcpMessaging bridge
[2023.01.08-20.44.46:452][  0]LogUdpMessaging: Initializing bridge on interface 0.0.0.0:0 to multicast group 230.0.0.1:6666.
[2023.01.08-20.44.46:687][  0]SourceControl: Source control is disabled
[2023.01.08-20.44.46:687][  0]SourceControl: Source control is disabled
[2023.01.08-20.44.46:695][  0]SourceControl: Source control is disabled
[2023.01.08-20.44.46:697][  0]SourceControl: Source control is disabled
[2023.01.08-20.44.46:701][  0]SourceControl: Source control is disabled
[2023.01.08-20.44.46:706][  0]LogUProjectInfo: Found projects:
[2023.01.08-20.44.46:710][  0]LogVSAccessor: Display: Unable to create Visual Studio setup instance: 80040154
[2023.01.08-20.44.46:711][  0]LogVSAccessor: Display: Unable to create Visual Studio setup instance: 80040154
[2023.01.08-20.44.46:711][  0]LogVSAccessor: Display: Unable to create Visual Studio setup instance: 80040154
[2023.01.08-20.44.46:720][  0]LogOpenImageDenoise: OIDN starting up
[2023.01.08-20.44.46:751][  0]LogAndroidPermission: UAndroidPermissionCallbackProxy::GetInstance
[2023.01.08-20.44.46:766][  0]LogAudioCaptureCore: Display: No Audio Capture implementations found. Audio input will be silent.
[2023.01.08-20.44.46:766][  0]LogAudioCaptureCore: Display: No Audio Capture implementations found. Audio input will be silent.
[2023.01.08-20.44.46:853][  0]LogCollectionManager: Loaded 0 collections in 0.001069 seconds
[2023.01.08-20.44.46:870][  0]LogFileCache: Scanning file cache for directory 'D:/podstawyprogramowania/TopDownShooterMaksRog/TopDownShooterMR/Saved/Collections/' took 0.00s
[2023.01.08-20.44.46:870][  0]LogFileCache: Scanning file cache for directory 'D:/podstawyprogramowania/TopDownShooterMaksRog/TopDownShooterMR/Content/Developers/ajgie/Collections/' took 0.00s
[2023.01.08-20.44.46:870][  0]LogFileCache: Scanning file cache for directory 'D:/podstawyprogramowania/TopDownShooterMaksRog/TopDownShooterMR/Content/Collections/' took 0.00s
[2023.01.08-20.44.46:870][  0]LogOcInput: OculusInput pre-init called
[2023.01.08-20.44.46:985][  0]LogImageWrapper: Warning: PNG Warning: Duplicate iCCP chunk
[2023.01.08-20.44.46:985][  0]LogImageWrapper: Warning: PNG Warning: Duplicate iCCP chunk
[2023.01.08-20.44.47:046][  0]LogEngine: Initializing Engine...
[2023.01.08-20.44.47:047][  0]LogHMD: Failed to enumerate extensions. Please check that you have a valid OpenXR runtime installed.
[2023.01.08-20.44.47:047][  0]LogHMD: Failed to initialize OpenVR with code 110
[2023.01.08-20.44.47:048][  0]LogMagicLeap: Warning: VR disabled because ZI is not enabled.  To enable, in the editor, Edit -> Project Settings -> Plugins -> Magic Leap Plugin -> Enable Zero Iteration
[2023.01.08-20.44.47:048][  0]LogStats: UGameplayTagsManager::InitializeManager -  0.000 s
[2023.01.08-20.44.47:129][  0]LogInit: Initializing FReadOnlyCVARCache
[2023.01.08-20.44.47:135][  0]LogAIModule: Creating AISystem for world Untitled
[2023.01.08-20.44.47:140][  0]LogAudio: Display: Initializing Audio Device Manager...
[2023.01.08-20.44.47:143][  0]LogAudio: Display: Loading Default Audio Settings Objects...
[2023.01.08-20.44.47:143][  0]LogAudio: Display: No default SoundConcurrencyObject specified (or failed to load).
[2023.01.08-20.44.47:143][  0]LogAudio: Display: Audio Device Manager Initialized
[2023.01.08-20.44.47:143][  0]LogAudio: Display: Creating Audio Device:                 Id: 1, Scope: Shared, Realtime: True
[2023.01.08-20.44.47:143][  0]LogAudioMixer: Display: Audio Mixer Platform Settings:
[2023.01.08-20.44.47:143][  0]LogAudioMixer: Display: 	Sample Rate:						  48000
[2023.01.08-20.44.47:143][  0]LogAudioMixer: Display: 	Callback Buffer Frame Size Requested: 1024
[2023.01.08-20.44.47:143][  0]LogAudioMixer: Display: 	Callback Buffer Frame Size To Use:	  1024
[2023.01.08-20.44.47:143][  0]LogAudioMixer: Display: 	Number of buffers to queue:			  2
[2023.01.08-20.44.47:143][  0]LogAudioMixer: Display: 	Max Channels (voices):				  32
[2023.01.08-20.44.47:143][  0]LogAudioMixer: Display: 	Number of Async Source Workers:		  0
[2023.01.08-20.44.47:143][  0]LogAudio: Display: AudioDevice MaxSources: 32
[2023.01.08-20.44.47:144][  0]LogAudio: Display: Audio Spatialization Plugin: None (built-in).
[2023.01.08-20.44.47:144][  0]LogAudio: Display: Audio Reverb Plugin: None (built-in).
[2023.01.08-20.44.47:144][  0]LogAudio: Display: Audio Occlusion Plugin: None (built-in).
[2023.01.08-20.44.47:144][  0]LogAudioMixer: Display: Initializing audio mixer.
[2023.01.08-20.44.47:150][  0]LogAudioMixer: Display: 0: FrontLeft
[2023.01.08-20.44.47:150][  0]LogAudioMixer: Display: 1: FrontRight
[2023.01.08-20.44.47:176][  0]LogAudioMixer: Display: Using Audio Device Głośniki (Realtek(R) Audio)
[2023.01.08-20.44.47:177][  0]LogAudioMixer: Display: Initializing Sound Submixes...
[2023.01.08-20.44.47:178][  0]LogAudioMixer: Display: Creating Master Submix 'MasterSubmixDefault'
[2023.01.08-20.44.47:178][  0]LogAudioMixer: Display: Creating Master Submix 'MasterReverbSubmixDefault'
[2023.01.08-20.44.47:179][  0]LogAudioMixer: Display: Creating Master Submix 'MasterEQSubmixDefault'
[2023.01.08-20.44.47:179][  0]LogAudioMixer: FMixerPlatformXAudio2::StartAudioStream() called
[2023.01.08-20.44.47:179][  0]LogAudioMixer: Display: Output buffers initialized: Frames=1024, Channels=2, Samples=2048
[2023.01.08-20.44.47:179][  0]LogAudioMixer: Display: Starting AudioMixerPlatformInterface::RunInternal()
[2023.01.08-20.44.47:179][  0]LogAudioMixer: Display: FMixerPlatformXAudio2::SubmitBuffer() called for the first time
[2023.01.08-20.44.47:179][  0]LogInit: FAudioDevice initialized.
[2023.01.08-20.44.47:180][  0]LogAudio: Display: Audio Device (ID: 1) registered with world 'Untitled'.
[2023.01.08-20.44.47:180][  0]LogNetVersion: Set ProjectVersion to 1.0.0.0. Version Checksum will be recalculated on next use.
[2023.01.08-20.44.47:215][  0]LogDerivedDataCache: Saved boot cache 0.04s 94MB C:/Users/ajgie/AppData/Local/UnrealEngine/4.27/DerivedDataCache/Boot.ddc.
[2023.01.08-20.44.47:215][  0]LogInit: Texture streaming: Enabled
[2023.01.08-20.44.47:224][  0]LogAnalytics: Display: [UEEditor.Rocket.Release] APIServer = https://datarouter.ol.epicgames.com/. AppVersion = 4.27.1-17735300+++UE4+Release-4.27
[2023.01.08-20.44.47:226][  0]LogEngineSessionManager: EngineSessionManager initialized
[2023.01.08-20.44.47:226][  0]LogEditorSessionSummary: Verbose: Initializing EditorSessionSummaryWriter for editor session tracking
[2023.01.08-20.44.47:227][  0]LogEditorSessionSummary: EditorSessionSummaryWriter initialized
[2023.01.08-20.44.47:243][  0]LogInit: Transaction tracking system initialized
[2023.01.08-20.44.47:257][  0]BlueprintLog: New page: Editor Load
[2023.01.08-20.44.47:296][  0]LocalizationService: Localization service is disabled
[2023.01.08-20.44.47:312][  0]TimingProfiler: Initialize
[2023.01.08-20.44.47:312][  0]TimingProfiler: OnSessionChanged
[2023.01.08-20.44.47:312][  0]LoadingProfiler: Initialize
[2023.01.08-20.44.47:312][  0]LoadingProfiler: OnSessionChanged
[2023.01.08-20.44.47:312][  0]NetworkingProfiler: Initialize
[2023.01.08-20.44.47:312][  0]NetworkingProfiler: OnSessionChanged
[2023.01.08-20.44.47:312][  0]MemoryProfiler: Initialize
[2023.01.08-20.44.47:312][  0]MemoryProfiler: OnSessionChanged
[2023.01.08-20.44.47:352][  0]LogVSAccessor: Display: Unable to create Visual Studio setup instance: 80040154
[2023.01.08-20.44.47:352][  0]LogVSAccessor: Display: Unable to create Visual Studio setup instance: 80040154
[2023.01.08-20.44.47:353][  0]LogVSAccessor: Display: Unable to create Visual Studio setup instance: 80040154
[2023.01.08-20.44.47:414][  0]LogCook: Display: CookSettings for Memory: MemoryMaxUsedVirtual 0MiB, MemoryMaxUsedPhysical 16384MiB, MemoryMinFreeVirtual 0MiB, MemoryMinFreePhysical 1024MiB
[2023.01.08-20.44.47:414][  0]LogCook: Display: Mobile HDR setting 1
[2023.01.08-20.44.47:446][  0]LogFileCache: Scanning file cache for directory 'D:/podstawyprogramowania/TopDownShooterMaksRog/TopDownShooterMR/Content/' took 0.00s
[2023.01.08-20.44.47:681][  0]LogImageWrapper: Warning: PNG Warning: Duplicate iCCP chunk
[2023.01.08-20.44.47:681][  0]LogImageWrapper: Warning: PNG Warning: Duplicate iCCP chunk
[2023.01.08-20.44.47:681][  0]LogInit: Display: Engine is initialized. Leaving FEngineLoop::Init()
[2023.01.08-20.44.47:683][  0]SourceControl: Source control is disabled
[2023.01.08-20.44.47:683][  0]LogUnrealEdMisc: Loading editor; pre map load, took 4.658
[2023.01.08-20.44.47:683][  0]Cmd: MAP LOAD FILE="D:/podstawyprogramowania/TopDownShooterMaksRog/TopDownShooterMR/Content/Levels/Main.umap" TEMPLATE=0 SHOWPROGRESS=1 FEATURELEVEL=3
[2023.01.08-20.44.47:683][  0]LightingResults: New page: Lighting Build
[2023.01.08-20.44.47:684][  0]LogWorld: UWorld::CleanupWorld for Untitled, bSessionEnded=true, bCleanupResources=true
[2023.01.08-20.44.47:684][  0]LogSlate: InvalidateAllWidgets triggered.  All widgets were invalidated
[2023.01.08-20.44.47:684][  0]MapCheck: New page: Map Check
[2023.01.08-20.44.47:685][  0]LightingResults: New page: Lighting Build
[2023.01.08-20.44.47:689][  0]LogAudio: Display: Audio Device unregistered from world 'None'.
[2023.01.08-20.44.47:691][  0]LogUObjectHash: Compacting FUObjectHashTables data took   0.61ms
[2023.01.08-20.44.47:694][  0]LogAudio: Display: Audio Device (ID: 1) registered with world 'Main'.
[2023.01.08-20.44.47:695][  0]LogAIModule: Creating AISystem for world Main
[2023.01.08-20.44.47:696][  0]LogEditorServer: Finished looking for orphan Actors (0.000 secs)
[2023.01.08-20.44.47:701][  0]LogUObjectHash: Compacting FUObjectHashTables data took   0.44ms
[2023.01.08-20.44.47:701][  0]Cmd: MAP CHECKDEP NOCLEARLOG
[2023.01.08-20.44.47:701][  0]MapCheck: Map check complete: 0 Error(s), 0 Warning(s), took 0,072ms to complete.
[2023.01.08-20.44.47:701][  0]LogFileHelpers: Loading map 'Main' took 0.018
[2023.01.08-20.44.47:702][  0]LogUnrealEdMisc: Total Editor Startup Time, took 4.677
[2023.01.08-20.44.47:833][  0]LogSlate: Updating window title bar state: overlay mode, drag disabled, window buttons hidden, title bar hidden
[2023.01.08-20.44.47:838][  0]LogSlate: Updating window title bar state: overlay mode, drag disabled, window buttons hidden, title bar hidden
[2023.01.08-20.44.47:842][  0]LogSlate: Updating window title bar state: overlay mode, drag disabled, window buttons hidden, title bar hidden
[2023.01.08-20.44.47:846][  0]LogSlate: Updating window title bar state: overlay mode, drag disabled, window buttons hidden, title bar hidden
[2023.01.08-20.44.47:856][  0]LogNativeClassHierarchy: Verbose: Native class hierarchy populated in 0.0070 seconds. Added 3822 classes and 928 folders.
[2023.01.08-20.44.47:858][  0]LogNativeClassHierarchy: Verbose: Native class hierarchy updated for 'WidgetCarousel' in 0.0002 seconds. Added 0 classes and 0 folders.
[2023.01.08-20.44.47:859][  0]LogPakFile: PakFile PrimaryIndexSize=187
[2023.01.08-20.44.47:859][  0]LogPakFile: PakFile PathHashIndexSize=101
[2023.01.08-20.44.47:859][  0]LogPakFile: PakFile FullDirectoryIndexSize=148
[2023.01.08-20.44.47:859][  0]LogShaderLibrary: Display: ShaderCodeLibraryPakFileMountedCallback: PakFile 'C:/Program Files/Epic Games/UE_4.27/FeaturePacks/FP_FirstPerson.upack' (chunk index -1, root 'root:/') mounted
[2023.01.08-20.44.47:859][  0]LogShaderLibrary: Display: ShaderCodeLibraryPakFileMountedCallback: pending pak file info (ChunkID:-1 Root:root:/ File:C:/Program Files/Epic Games/UE_4.27/FeaturePacks/FP_FirstPerson.upack)
[2023.01.08-20.44.47:859][  0]LogPakFile: OnPakFileMounted2Time == 0.000040
[2023.01.08-20.44.47:859][  0]LogPakFile: PakFile PrimaryIndexSize=189
[2023.01.08-20.44.47:859][  0]LogPakFile: PakFile PathHashIndexSize=101
[2023.01.08-20.44.47:859][  0]LogPakFile: PakFile FullDirectoryIndexSize=152
[2023.01.08-20.44.47:859][  0]LogShaderLibrary: Display: ShaderCodeLibraryPakFileMountedCallback: PakFile 'C:/Program Files/Epic Games/UE_4.27/FeaturePacks/FP_FirstPersonBP.upack' (chunk index -1, root 'root:/') mounted
[2023.01.08-20.44.47:859][  0]LogShaderLibrary: Display: ShaderCodeLibraryPakFileMountedCallback: pending pak file info (ChunkID:-1 Root:root:/ File:C:/Program Files/Epic Games/UE_4.27/FeaturePacks/FP_FirstPersonBP.upack)
[2023.01.08-20.44.47:859][  0]LogPakFile: OnPakFileMounted2Time == 0.000028
[2023.01.08-20.44.47:860][  0]LogPakFile: PakFile PrimaryIndexSize=191
[2023.01.08-20.44.47:860][  0]LogPakFile: PakFile PathHashIndexSize=101
[2023.01.08-20.44.47:860][  0]LogPakFile: PakFile FullDirectoryIndexSize=160
[2023.01.08-20.44.47:860][  0]LogShaderLibrary: Display: ShaderCodeLibraryPakFileMountedCallback: PakFile 'C:/Program Files/Epic Games/UE_4.27/FeaturePacks/MobileStarterContent.upack' (chunk index -1, root 'root:/') mounted
[2023.01.08-20.44.47:860][  0]LogShaderLibrary: Display: ShaderCodeLibraryPakFileMountedCallback: pending pak file info (ChunkID:-1 Root:root:/ File:C:/Program Files/Epic Games/UE_4.27/FeaturePacks/MobileStarterContent.upack)
[2023.01.08-20.44.47:860][  0]LogPakFile: OnPakFileMounted2Time == 0.000027
[2023.01.08-20.44.47:860][  0]LogPakFile: PakFile PrimaryIndexSize=185
[2023.01.08-20.44.47:860][  0]LogPakFile: PakFile PathHashIndexSize=101
[2023.01.08-20.44.47:860][  0]LogPakFile: PakFile FullDirectoryIndexSize=148
[2023.01.08-20.44.47:860][  0]LogShaderLibrary: Display: ShaderCodeLibraryPakFileMountedCallback: PakFile 'C:/Program Files/Epic Games/UE_4.27/FeaturePacks/StarterContent.upack' (chunk index -1, root 'root:/') mounted
[2023.01.08-20.44.47:860][  0]LogShaderLibrary: Display: ShaderCodeLibraryPakFileMountedCallback: pending pak file info (ChunkID:-1 Root:root:/ File:C:/Program Files/Epic Games/UE_4.27/FeaturePacks/StarterContent.upack)
[2023.01.08-20.44.47:860][  0]LogPakFile: OnPakFileMounted2Time == 0.000026
[2023.01.08-20.44.47:861][  0]LogPakFile: PakFile PrimaryIndexSize=190
[2023.01.08-20.44.47:861][  0]LogPakFile: PakFile PathHashIndexSize=101
[2023.01.08-20.44.47:861][  0]LogPakFile: PakFile FullDirectoryIndexSize=154
[2023.01.08-20.44.47:861][  0]LogShaderLibrary: Display: ShaderCodeLibraryPakFileMountedCallback: PakFile 'C:/Program Files/Epic Games/UE_4.27/FeaturePacks/TP_2DSideScroller.upack' (chunk index -1, root 'root:/') mounted
[2023.01.08-20.44.47:861][  0]LogShaderLibrary: Display: ShaderCodeLibraryPakFileMountedCallback: pending pak file info (ChunkID:-1 Root:root:/ File:C:/Program Files/Epic Games/UE_4.27/FeaturePacks/TP_2DSideScroller.upack)
[2023.01.08-20.44.47:861][  0]LogPakFile: OnPakFileMounted2Time == 0.000027
[2023.01.08-20.44.47:861][  0]LogPakFile: PakFile PrimaryIndexSize=192
[2023.01.08-20.44.47:861][  0]LogPakFile: PakFile PathHashIndexSize=101
[2023.01.08-20.44.47:861][  0]LogPakFile: PakFile FullDirectoryIndexSize=158
[2023.01.08-20.44.47:861][  0]LogShaderLibrary: Display: ShaderCodeLibraryPakFileMountedCallback: PakFile 'C:/Program Files/Epic Games/UE_4.27/FeaturePacks/TP_2DSideScrollerBP.upack' (chunk index -1, root 'root:/') mounted
[2023.01.08-20.44.47:861][  0]LogShaderLibrary: Display: ShaderCodeLibraryPakFileMountedCallback: pending pak file info (ChunkID:-1 Root:root:/ File:C:/Program Files/Epic Games/UE_4.27/FeaturePacks/TP_2DSideScrollerBP.upack)
[2023.01.08-20.44.47:861][  0]LogPakFile: OnPakFileMounted2Time == 0.000025
[2023.01.08-20.44.47:861][  0]LogPakFile: PakFile PrimaryIndexSize=182
[2023.01.08-20.44.47:861][  0]LogPakFile: PakFile PathHashIndexSize=101
[2023.01.08-20.44.47:861][  0]LogPakFile: PakFile FullDirectoryIndexSize=138
[2023.01.08-20.44.47:861][  0]LogShaderLibrary: Display: ShaderCodeLibraryPakFileMountedCallback: PakFile 'C:/Program Files/Epic Games/UE_4.27/FeaturePacks/TP_Flying.upack' (chunk index -1, root 'root:/') mounted
[2023.01.08-20.44.47:861][  0]LogShaderLibrary: Display: ShaderCodeLibraryPakFileMountedCallback: pending pak file info (ChunkID:-1 Root:root:/ File:C:/Program Files/Epic Games/UE_4.27/FeaturePacks/TP_Flying.upack)
[2023.01.08-20.44.47:861][  0]LogPakFile: OnPakFileMounted2Time == 0.000025
[2023.01.08-20.44.47:862][  0]LogPakFile: PakFile PrimaryIndexSize=184
[2023.01.08-20.44.47:862][  0]LogPakFile: PakFile PathHashIndexSize=101
[2023.01.08-20.44.47:862][  0]LogPakFile: PakFile FullDirectoryIndexSize=142
[2023.01.08-20.44.47:862][  0]LogShaderLibrary: Display: ShaderCodeLibraryPakFileMountedCallback: PakFile 'C:/Program Files/Epic Games/UE_4.27/FeaturePacks/TP_FlyingBP.upack' (chunk index -1, root 'root:/') mounted
[2023.01.08-20.44.47:862][  0]LogShaderLibrary: Display: ShaderCodeLibraryPakFileMountedCallback: pending pak file info (ChunkID:-1 Root:root:/ File:C:/Program Files/Epic Games/UE_4.27/FeaturePacks/TP_FlyingBP.upack)
[2023.01.08-20.44.47:862][  0]LogPakFile: OnPakFileMounted2Time == 0.000025
[2023.01.08-20.44.47:862][  0]LogPakFile: PakFile PrimaryIndexSize=188
[2023.01.08-20.44.47:862][  0]LogPakFile: PakFile PathHashIndexSize=101
[2023.01.08-20.44.47:862][  0]LogPakFile: PakFile FullDirectoryIndexSize=150
[2023.01.08-20.44.47:862][  0]LogShaderLibrary: Display: ShaderCodeLibraryPakFileMountedCallback: PakFile 'C:/Program Files/Epic Games/UE_4.27/FeaturePacks/TP_HandheldARBP.upack' (chunk index -1, root 'root:/') mounted
[2023.01.08-20.44.47:862][  0]LogShaderLibrary: Display: ShaderCodeLibraryPakFileMountedCallback: pending pak file info (ChunkID:-1 Root:root:/ File:C:/Program Files/Epic Games/UE_4.27/FeaturePacks/TP_HandheldARBP.upack)
[2023.01.08-20.44.47:862][  0]LogPakFile: OnPakFileMounted2Time == 0.000025
[2023.01.08-20.44.47:863][  0]LogPakFile: PakFile PrimaryIndexSize=182
[2023.01.08-20.44.47:863][  0]LogPakFile: PakFile PathHashIndexSize=101
[2023.01.08-20.44.47:863][  0]LogPakFile: PakFile FullDirectoryIndexSize=138
[2023.01.08-20.44.47:863][  0]LogShaderLibrary: Display: ShaderCodeLibraryPakFileMountedCallback: PakFile 'C:/Program Files/Epic Games/UE_4.27/FeaturePacks/TP_Puzzle.upack' (chunk index -1, root 'root:/') mounted
[2023.01.08-20.44.47:863][  0]LogShaderLibrary: Display: ShaderCodeLibraryPakFileMountedCallback: pending pak file info (ChunkID:-1 Root:root:/ File:C:/Program Files/Epic Games/UE_4.27/FeaturePacks/TP_Puzzle.upack)
[2023.01.08-20.44.47:863][  0]LogPakFile: OnPakFileMounted2Time == 0.000026
[2023.01.08-20.44.47:863][  0]LogPakFile: PakFile PrimaryIndexSize=184
[2023.01.08-20.44.47:863][  0]LogPakFile: PakFile PathHashIndexSize=101
[2023.01.08-20.44.47:863][  0]LogPakFile: PakFile FullDirectoryIndexSize=142
[2023.01.08-20.44.47:863][  0]LogShaderLibrary: Display: ShaderCodeLibraryPakFileMountedCallback: PakFile 'C:/Program Files/Epic Games/UE_4.27/FeaturePacks/TP_PuzzleBP.upack' (chunk index -1, root 'root:/') mounted
[2023.01.08-20.44.47:863][  0]LogShaderLibrary: Display: ShaderCodeLibraryPakFileMountedCallback: pending pak file info (ChunkID:-1 Root:root:/ File:C:/Program Files/Epic Games/UE_4.27/FeaturePacks/TP_PuzzleBP.upack)
[2023.01.08-20.44.47:863][  0]LogPakFile: OnPakFileMounted2Time == 0.000025
[2023.01.08-20.44.47:863][  0]LogPakFile: PakFile PrimaryIndexSize=183
[2023.01.08-20.44.47:864][  0]LogPakFile: PakFile PathHashIndexSize=101
[2023.01.08-20.44.47:864][  0]LogPakFile: PakFile FullDirectoryIndexSize=140
[2023.01.08-20.44.47:864][  0]LogShaderLibrary: Display: ShaderCodeLibraryPakFileMountedCallback: PakFile 'C:/Program Files/Epic Games/UE_4.27/FeaturePacks/TP_Rolling.upack' (chunk index -1, root 'root:/') mounted
[2023.01.08-20.44.47:864][  0]LogShaderLibrary: Display: ShaderCodeLibraryPakFileMountedCallback: pending pak file info (ChunkID:-1 Root:root:/ File:C:/Program Files/Epic Games/UE_4.27/FeaturePacks/TP_Rolling.upack)
[2023.01.08-20.44.47:864][  0]LogPakFile: OnPakFileMounted2Time == 0.000025
[2023.01.08-20.44.47:864][  0]LogPakFile: PakFile PrimaryIndexSize=185
[2023.01.08-20.44.47:864][  0]LogPakFile: PakFile PathHashIndexSize=101
[2023.01.08-20.44.47:864][  0]LogPakFile: PakFile FullDirectoryIndexSize=144
[2023.01.08-20.44.47:864][  0]LogShaderLibrary: Display: ShaderCodeLibraryPakFileMountedCallback: PakFile 'C:/Program Files/Epic Games/UE_4.27/FeaturePacks/TP_RollingBP.upack' (chunk index -1, root 'root:/') mounted
[2023.01.08-20.44.47:864][  0]LogShaderLibrary: Display: ShaderCodeLibraryPakFileMountedCallback: pending pak file info (ChunkID:-1 Root:root:/ File:C:/Program Files/Epic Games/UE_4.27/FeaturePacks/TP_RollingBP.upack)
[2023.01.08-20.44.47:864][  0]LogPakFile: OnPakFileMounted2Time == 0.000028
[2023.01.08-20.44.47:864][  0]LogPakFile: PakFile PrimaryIndexSize=188
[2023.01.08-20.44.47:864][  0]LogPakFile: PakFile PathHashIndexSize=101
[2023.01.08-20.44.47:864][  0]LogPakFile: PakFile FullDirectoryIndexSize=150
[2023.01.08-20.44.47:864][  0]LogShaderLibrary: Display: ShaderCodeLibraryPakFileMountedCallback: PakFile 'C:/Program Files/Epic Games/UE_4.27/FeaturePacks/TP_SideScroller.upack' (chunk index -1, root 'root:/') mounted
[2023.01.08-20.44.47:864][  0]LogShaderLibrary: Display: ShaderCodeLibraryPakFileMountedCallback: pending pak file info (ChunkID:-1 Root:root:/ File:C:/Program Files/Epic Games/UE_4.27/FeaturePacks/TP_SideScroller.upack)
[2023.01.08-20.44.47:864][  0]LogPakFile: OnPakFileMounted2Time == 0.000027
[2023.01.08-20.44.47:865][  0]LogPakFile: PakFile PrimaryIndexSize=190
[2023.01.08-20.44.47:865][  0]LogPakFile: PakFile PathHashIndexSize=101
[2023.01.08-20.44.47:865][  0]LogPakFile: PakFile FullDirectoryIndexSize=154
[2023.01.08-20.44.47:865][  0]LogShaderLibrary: Display: ShaderCodeLibraryPakFileMountedCallback: PakFile 'C:/Program Files/Epic Games/UE_4.27/FeaturePacks/TP_SideScrollerBP.upack' (chunk index -1, root 'root:/') mounted
[2023.01.08-20.44.47:865][  0]LogShaderLibrary: Display: ShaderCodeLibraryPakFileMountedCallback: pending pak file info (ChunkID:-1 Root:root:/ File:C:/Program Files/Epic Games/UE_4.27/FeaturePacks/TP_SideScrollerBP.upack)
[2023.01.08-20.44.47:865][  0]LogPakFile: OnPakFileMounted2Time == 0.000025
[2023.01.08-20.44.47:865][  0]LogPakFile: PakFile PrimaryIndexSize=187
[2023.01.08-20.44.47:865][  0]LogPakFile: PakFile PathHashIndexSize=101
[2023.01.08-20.44.47:865][  0]LogPakFile: PakFile FullDirectoryIndexSize=148
[2023.01.08-20.44.47:865][  0]LogShaderLibrary: Display: ShaderCodeLibraryPakFileMountedCallback: PakFile 'C:/Program Files/Epic Games/UE_4.27/FeaturePacks/TP_ThirdPerson.upack' (chunk index -1, root 'root:/') mounted
[2023.01.08-20.44.47:865][  0]LogShaderLibrary: Display: ShaderCodeLibraryPakFileMountedCallback: pending pak file info (ChunkID:-1 Root:root:/ File:C:/Program Files/Epic Games/UE_4.27/FeaturePacks/TP_ThirdPerson.upack)
[2023.01.08-20.44.47:865][  0]LogPakFile: OnPakFileMounted2Time == 0.000026
[2023.01.08-20.44.47:866][  0]LogPakFile: PakFile PrimaryIndexSize=189
[2023.01.08-20.44.47:866][  0]LogPakFile: PakFile PathHashIndexSize=101
[2023.01.08-20.44.47:866][  0]LogPakFile: PakFile FullDirectoryIndexSize=152
[2023.01.08-20.44.47:866][  0]LogShaderLibrary: Display: ShaderCodeLibraryPakFileMountedCallback: PakFile 'C:/Program Files/Epic Games/UE_4.27/FeaturePacks/TP_ThirdPersonBP.upack' (chunk index -1, root 'root:/') mounted
[2023.01.08-20.44.47:866][  0]LogShaderLibrary: Display: ShaderCodeLibraryPakFileMountedCallback: pending pak file info (ChunkID:-1 Root:root:/ File:C:/Program Files/Epic Games/UE_4.27/FeaturePacks/TP_ThirdPersonBP.upack)
[2023.01.08-20.44.47:866][  0]LogPakFile: OnPakFileMounted2Time == 0.000024
[2023.01.08-20.44.47:866][  0]LogPakFile: PakFile PrimaryIndexSize=183
[2023.01.08-20.44.47:866][  0]LogPakFile: PakFile PathHashIndexSize=101
[2023.01.08-20.44.47:866][  0]LogPakFile: PakFile FullDirectoryIndexSize=140
[2023.01.08-20.44.47:866][  0]LogShaderLibrary: Display: ShaderCodeLibraryPakFileMountedCallback: PakFile 'C:/Program Files/Epic Games/UE_4.27/FeaturePacks/TP_TopDown.upack' (chunk index -1, root 'root:/') mounted
[2023.01.08-20.44.47:866][  0]LogShaderLibrary: Display: ShaderCodeLibraryPakFileMountedCallback: pending pak file info (ChunkID:-1 Root:root:/ File:C:/Program Files/Epic Games/UE_4.27/FeaturePacks/TP_TopDown.upack)
[2023.01.08-20.44.47:866][  0]LogPakFile: OnPakFileMounted2Time == 0.000034
[2023.01.08-20.44.47:866][  0]LogPakFile: PakFile PrimaryIndexSize=185
[2023.01.08-20.44.47:866][  0]LogPakFile: PakFile PathHashIndexSize=101
[2023.01.08-20.44.47:866][  0]LogPakFile: PakFile FullDirectoryIndexSize=144
[2023.01.08-20.44.47:866][  0]LogShaderLibrary: Display: ShaderCodeLibraryPakFileMountedCallback: PakFile 'C:/Program Files/Epic Games/UE_4.27/FeaturePacks/TP_TopDownBP.upack' (chunk index -1, root 'root:/') mounted
[2023.01.08-20.44.47:866][  0]LogShaderLibrary: Display: ShaderCodeLibraryPakFileMountedCallback: pending pak file info (ChunkID:-1 Root:root:/ File:C:/Program Files/Epic Games/UE_4.27/FeaturePacks/TP_TopDownBP.upack)
[2023.01.08-20.44.47:866][  0]LogPakFile: OnPakFileMounted2Time == 0.000025
[2023.01.08-20.44.47:867][  0]LogPakFile: PakFile PrimaryIndexSize=185
[2023.01.08-20.44.47:867][  0]LogPakFile: PakFile PathHashIndexSize=101
[2023.01.08-20.44.47:867][  0]LogPakFile: PakFile FullDirectoryIndexSize=144
[2023.01.08-20.44.47:867][  0]LogShaderLibrary: Display: ShaderCodeLibraryPakFileMountedCallback: PakFile 'C:/Program Files/Epic Games/UE_4.27/FeaturePacks/TP_TwinStick.upack' (chunk index -1, root 'root:/') mounted
[2023.01.08-20.44.47:867][  0]LogShaderLibrary: Display: ShaderCodeLibraryPakFileMountedCallback: pending pak file info (ChunkID:-1 Root:root:/ File:C:/Program Files/Epic Games/UE_4.27/FeaturePacks/TP_TwinStick.upack)
[2023.01.08-20.44.47:867][  0]LogPakFile: OnPakFileMounted2Time == 0.000025
[2023.01.08-20.44.47:867][  0]LogPakFile: PakFile PrimaryIndexSize=187
[2023.01.08-20.44.47:867][  0]LogPakFile: PakFile PathHashIndexSize=101
[2023.01.08-20.44.47:867][  0]LogPakFile: PakFile FullDirectoryIndexSize=148
[2023.01.08-20.44.47:867][  0]LogShaderLibrary: Display: ShaderCodeLibraryPakFileMountedCallback: PakFile 'C:/Program Files/Epic Games/UE_4.27/FeaturePacks/TP_TwinStickBP.upack' (chunk index -1, root 'root:/') mounted
[2023.01.08-20.44.47:867][  0]LogShaderLibrary: Display: ShaderCodeLibraryPakFileMountedCallback: pending pak file info (ChunkID:-1 Root:root:/ File:C:/Program Files/Epic Games/UE_4.27/FeaturePacks/TP_TwinStickBP.upack)
[2023.01.08-20.44.47:867][  0]LogPakFile: OnPakFileMounted2Time == 0.000029
[2023.01.08-20.44.47:868][  0]LogPakFile: PakFile PrimaryIndexSize=183
[2023.01.08-20.44.47:868][  0]LogPakFile: PakFile PathHashIndexSize=101
[2023.01.08-20.44.47:868][  0]LogPakFile: PakFile FullDirectoryIndexSize=140
[2023.01.08-20.44.47:868][  0]LogShaderLibrary: Display: ShaderCodeLibraryPakFileMountedCallback: PakFile 'C:/Program Files/Epic Games/UE_4.27/FeaturePacks/TP_Vehicle.upack' (chunk index -1, root 'root:/') mounted
[2023.01.08-20.44.47:868][  0]LogShaderLibrary: Display: ShaderCodeLibraryPakFileMountedCallback: pending pak file info (ChunkID:-1 Root:root:/ File:C:/Program Files/Epic Games/UE_4.27/FeaturePacks/TP_Vehicle.upack)
[2023.01.08-20.44.47:868][  0]LogPakFile: OnPakFileMounted2Time == 0.000025
[2023.01.08-20.44.47:868][  0]LogPakFile: PakFile PrimaryIndexSize=186
[2023.01.08-20.44.47:868][  0]LogPakFile: PakFile PathHashIndexSize=101
[2023.01.08-20.44.47:868][  0]LogPakFile: PakFile FullDirectoryIndexSize=146
[2023.01.08-20.44.47:868][  0]LogShaderLibrary: Display: ShaderCodeLibraryPakFileMountedCallback: PakFile 'C:/Program Files/Epic Games/UE_4.27/FeaturePacks/TP_VehicleAdv.upack' (chunk index -1, root 'root:/') mounted
[2023.01.08-20.44.47:868][  0]LogShaderLibrary: Display: ShaderCodeLibraryPakFileMountedCallback: pending pak file info (ChunkID:-1 Root:root:/ File:C:/Program Files/Epic Games/UE_4.27/FeaturePacks/TP_VehicleAdv.upack)
[2023.01.08-20.44.47:868][  0]LogPakFile: OnPakFileMounted2Time == 0.000028
[2023.01.08-20.44.47:869][  0]LogPakFile: PakFile PrimaryIndexSize=188
[2023.01.08-20.44.47:869][  0]LogPakFile: PakFile PathHashIndexSize=101
[2023.01.08-20.44.47:869][  0]LogPakFile: PakFile FullDirectoryIndexSize=150
[2023.01.08-20.44.47:869][  0]LogShaderLibrary: Display: ShaderCodeLibraryPakFileMountedCallback: PakFile 'C:/Program Files/Epic Games/UE_4.27/FeaturePacks/TP_VehicleAdvBP.upack' (chunk index -1, root 'root:/') mounted
[2023.01.08-20.44.47:869][  0]LogShaderLibrary: Display: ShaderCodeLibraryPakFileMountedCallback: pending pak file info (ChunkID:-1 Root:root:/ File:C:/Program Files/Epic Games/UE_4.27/FeaturePacks/TP_VehicleAdvBP.upack)
[2023.01.08-20.44.47:869][  0]LogPakFile: OnPakFileMounted2Time == 0.000024
[2023.01.08-20.44.47:869][  0]LogPakFile: PakFile PrimaryIndexSize=185
[2023.01.08-20.44.47:869][  0]LogPakFile: PakFile PathHashIndexSize=101
[2023.01.08-20.44.47:869][  0]LogPakFile: PakFile FullDirectoryIndexSize=144
[2023.01.08-20.44.47:869][  0]LogShaderLibrary: Display: ShaderCodeLibraryPakFileMountedCallback: PakFile 'C:/Program Files/Epic Games/UE_4.27/FeaturePacks/TP_VehicleBP.upack' (chunk index -1, root 'root:/') mounted
[2023.01.08-20.44.47:869][  0]LogShaderLibrary: Display: ShaderCodeLibraryPakFileMountedCallback: pending pak file info (ChunkID:-1 Root:root:/ File:C:/Program Files/Epic Games/UE_4.27/FeaturePacks/TP_VehicleBP.upack)
[2023.01.08-20.44.47:869][  0]LogPakFile: OnPakFileMounted2Time == 0.000026
[2023.01.08-20.44.47:869][  0]LogPakFile: PakFile PrimaryIndexSize=192
[2023.01.08-20.44.47:869][  0]LogPakFile: PakFile PathHashIndexSize=101
[2023.01.08-20.44.47:869][  0]LogPakFile: PakFile FullDirectoryIndexSize=158
[2023.01.08-20.44.47:869][  0]LogShaderLibrary: Display: ShaderCodeLibraryPakFileMountedCallback: PakFile 'C:/Program Files/Epic Games/UE_4.27/FeaturePacks/TP_VirtualRealityBP.upack' (chunk index -1, root 'root:/') mounted
[2023.01.08-20.44.47:869][  0]LogShaderLibrary: Display: ShaderCodeLibraryPakFileMountedCallback: pending pak file info (ChunkID:-1 Root:root:/ File:C:/Program Files/Epic Games/UE_4.27/FeaturePacks/TP_VirtualRealityBP.upack)
[2023.01.08-20.44.47:869][  0]LogPakFile: OnPakFileMounted2Time == 0.000025
[2023.01.08-20.44.47:906][  0]LogNativeClassHierarchy: Verbose: Native class hierarchy updated for 'AddContentDialog' in 0.0002 seconds. Added 0 classes and 0 folders.
[2023.01.08-20.44.47:907][  0]LogNativeClassHierarchy: Verbose: Native class hierarchy updated for 'SceneOutliner' in 0.0002 seconds. Added 2 classes and 0 folders.
[2023.01.08-20.44.47:963][  0]LogSlate: Took 0.000122 seconds to synchronously load lazily loaded font '../../../Engine/Content/Slate/Fonts/Roboto-Regular.ttf' (155K)
[2023.01.08-20.44.47:964][  0]LogSlate: Took 0.000105 seconds to synchronously load lazily loaded font '../../../Engine/Content/Editor/Slate/Fonts/FontAwesome.ttf' (139K)
[2023.01.08-20.44.47:964][  0]LogSlate: Took 0.000079 seconds to synchronously load lazily loaded font '../../../Engine/Content/Slate/Fonts/Roboto-Bold.ttf' (160K)
[2023.01.08-20.44.48:036][  0]LogRenderer: Reallocating scene render targets to support 1180x676 Format 10 NumSamples 1 (Frame:1).
[2023.01.08-20.44.48:092][  0]LogNativeClassHierarchy: Verbose: Native class hierarchy updated for 'HierarchicalLODOutliner' in 0.0002 seconds. Added 0 classes and 0 folders.
[2023.01.08-20.44.48:092][  0]LogLoad: (Engine Initialization) Total time: 5.07 seconds
[2023.01.08-20.44.48:092][  0]LogLoad: (Engine Initialization) Total Blueprint compile time: 0.00 seconds
[2023.01.08-20.44.48:125][  0]LogAssetRegistry: Asset discovery search completed in 2.9419 seconds
[2023.01.08-20.44.48:129][  0]LogCollectionManager: Fixed up redirectors for 0 collections in 0.000002 seconds (updated 0 objects)
[2023.01.08-20.44.48:130][  0]LogContentStreaming: Texture pool size now 1000 MB
[2023.01.08-20.44.48:265][  4]LogSlate: Took 0.000113 seconds to synchronously load lazily loaded font '../../../Engine/Content/Slate/Fonts/Roboto-Light.ttf' (167K)
[2023.01.08-20.44.51:245][313]LogSlate: Took 0.000095 seconds to synchronously load lazily loaded font '../../../Engine/Content/Slate/Fonts/Roboto-Light.ttf' (167K)
[2023.01.08-20.44.51:269][313]LogAssetEditorSubsystem: Opening Asset editor for Blueprint /Game/Blueprints/Pawns/BP_Soldier_01.BP_Soldier_01
[2023.01.08-20.44.51:455][313]LogNativeClassHierarchy: Verbose: Native class hierarchy updated for 'BlueprintGraph' in 0.0004 seconds. Added 126 classes and 0 folders.
[2023.01.08-20.44.52:136][313]LogSlate: Took 0.000146 seconds to synchronously load lazily loaded font '../../../Engine/Content/Slate/Fonts/Roboto-BoldCondensed.ttf' (158K)
[2023.01.08-20.44.52:170][314]LogSlate: Took 0.000150 seconds to synchronously load lazily loaded font '../../../Engine/Content/Slate/Fonts/Roboto-Italic.ttf' (157K)
[2023.01.08-20.45.54:898][109]LogTemp: Repeating last play command: Selected Viewport
[2023.01.08-20.45.54:902][109]BlueprintLog: New page: Pre-Play auto-recompile
[2023.01.08-20.45.54:903][109]LogPlayLevel: [PlayLevel] Compiling BP_Soldier_01 before play...
[2023.01.08-20.45.54:945][109]LogUObjectHash: Compacting FUObjectHashTables data took   1.89ms
[2023.01.08-20.45.54:947][109]LogPlayLevel: PlayLevel: Blueprint regeneration took 45 ms (1 blueprints)
[2023.01.08-20.45.54:947][109]PIE: New page: PIE session: Main (8 sty 2023, 22:45:54)
[2023.01.08-20.45.54:948][109]LogOnline: OSS: Creating online subsystem instance for: NULL
[2023.01.08-20.45.54:949][109]LogOnline: OSS: TryLoadSubsystemAndSetDefault: Loaded subsystem for module [NULL]
[2023.01.08-20.45.54:949][109]LogPlayLevel: Creating play world package: /Game/Levels/UEDPIE_0_Main
[2023.01.08-20.45.54:951][109]LogPlayLevel: PIE: StaticDuplicateObject took: (0.001582s)
[2023.01.08-20.45.54:952][109]LogAIModule: Creating AISystem for world Main
[2023.01.08-20.45.54:952][109]LogPlayLevel: PIE: World Init took: (0.000744s)
[2023.01.08-20.45.54:952][109]LogPlayLevel: PIE: Created PIE world by copying editor world from /Game/Levels/Main.Main to /Game/Levels/UEDPIE_0_Main.Main (0.002415s)
[2023.01.08-20.45.54:967][109]LogUObjectHash: Compacting FUObjectHashTables data took   1.32ms
[2023.01.08-20.45.54:967][109]LogAudio: Display: Creating Audio Device:                 Id: 2, Scope: Unique, Realtime: True
[2023.01.08-20.45.54:967][109]LogAudioMixer: Display: Audio Mixer Platform Settings:
[2023.01.08-20.45.54:967][109]LogAudioMixer: Display: 	Sample Rate:						  48000
[2023.01.08-20.45.54:967][109]LogAudioMixer: Display: 	Callback Buffer Frame Size Requested: 1024
[2023.01.08-20.45.54:967][109]LogAudioMixer: Display: 	Callback Buffer Frame Size To Use:	  1024
[2023.01.08-20.45.54:967][109]LogAudioMixer: Display: 	Number of buffers to queue:			  2
[2023.01.08-20.45.54:967][109]LogAudioMixer: Display: 	Max Channels (voices):				  32
[2023.01.08-20.45.54:967][109]LogAudioMixer: Display: 	Number of Async Source Workers:		  0
[2023.01.08-20.45.54:967][109]LogAudio: Display: AudioDevice MaxSources: 32
[2023.01.08-20.45.54:968][109]LogAudio: Display: Audio Spatialization Plugin: None (built-in).
[2023.01.08-20.45.54:968][109]LogAudio: Display: Audio Reverb Plugin: None (built-in).
[2023.01.08-20.45.54:968][109]LogAudio: Display: Audio Occlusion Plugin: None (built-in).
[2023.01.08-20.45.54:968][109]LogAudioMixer: Display: Initializing audio mixer.
[2023.01.08-20.45.54:969][109]LogAudioMixer: Display: 0: FrontLeft
[2023.01.08-20.45.54:969][109]LogAudioMixer: Display: 1: FrontRight
[2023.01.08-20.45.54:978][109]LogAudioMixer: Display: Using Audio Device Głośniki (Realtek(R) Audio)
[2023.01.08-20.45.54:979][109]LogAudioMixer: Display: Initializing Sound Submixes...
[2023.01.08-20.45.54:979][109]LogAudioMixer: Display: Creating Master Submix 'MasterSubmixDefault'
[2023.01.08-20.45.54:980][109]LogAudioMixer: Display: Creating Master Submix 'MasterReverbSubmixDefault'
[2023.01.08-20.45.54:980][109]LogAudioMixer: Display: Creating Master Submix 'MasterEQSubmixDefault'
[2023.01.08-20.45.54:980][109]LogAudioMixer: FMixerPlatformXAudio2::StartAudioStream() called
[2023.01.08-20.45.54:980][109]LogAudioMixer: Display: Output buffers initialized: Frames=1024, Channels=2, Samples=2048
[2023.01.08-20.45.54:980][109]LogAudioMixer: Display: Starting AudioMixerPlatformInterface::RunInternal()
[2023.01.08-20.45.54:980][109]LogAudioMixer: Display: FMixerPlatformXAudio2::SubmitBuffer() called for the first time
[2023.01.08-20.45.54:980][109]LogInit: FAudioDevice initialized.
[2023.01.08-20.45.54:980][109]LogAudio: Display: Audio Device (ID: 2) registered with world 'Main'.
[2023.01.08-20.45.54:990][109]LogLoad: Game class is 'BP_TopDownShooterGameMode_01_C'
[2023.01.08-20.45.54:991][109]LogWorld: Bringing World /Game/Levels/UEDPIE_0_Main.Main up for play (max tick rate 0) at 2023.01.08-21.45.54
[2023.01.08-20.45.54:991][109]LogWorld: Bringing up level for play took: 0.000318
[2023.01.08-20.45.54:991][109]LogOnline: OSS: Creating online subsystem instance for: :Context_3
[2023.01.08-20.45.54:996][109]LogNativeClassHierarchy: Verbose: Native class hierarchy updated for 'MovieSceneCapture' in 0.0003 seconds. Added 20 classes and 0 folders.
[2023.01.08-20.45.54:997][109]PIE: Server logged in
[2023.01.08-20.45.54:998][109]PIE: Play in editor total start time 0,097 seconds.
[2023.01.08-20.46.15:135][490]LogSlate: Updating window title bar state: overlay mode, drag disabled, window buttons hidden, title bar hidden
[2023.01.08-20.46.15:135][490]LogWorld: BeginTearingDown for /Game/Levels/UEDPIE_0_Main
[2023.01.08-20.46.15:135][490]LogWorld: UWorld::CleanupWorld for Main, bSessionEnded=true, bCleanupResources=true
[2023.01.08-20.46.15:136][490]LogSlate: InvalidateAllWidgets triggered.  All widgets were invalidated
[2023.01.08-20.46.15:141][490]LogPlayLevel: Display: Shutting down PIE online subsystems
[2023.01.08-20.46.15:145][490]LogSlate: InvalidateAllWidgets triggered.  All widgets were invalidated
[2023.01.08-20.46.15:164][490]LogSlate: Updating window title bar state: overlay mode, drag disabled, window buttons hidden, title bar hidden
[2023.01.08-20.46.15:164][490]LogAudioMixer: FMixerPlatformXAudio2::StopAudioStream() called
[2023.01.08-20.46.15:165][490]LogAudioMixer: FMixerPlatformXAudio2::StopAudioStream() called
[2023.01.08-20.46.15:183][490]LogUObjectHash: Compacting FUObjectHashTables data took   2.78ms
[2023.01.08-20.46.15:213][492]LogPlayLevel: Display: Destroying online subsystem :Context_3
[2023.01.08-20.47.28:684][388]LogUObjectHash: Compacting FUObjectHashTables data took   2.27ms
[2023.01.08-20.47.28:734][388]Cmd: OBJ SAVEPACKAGE PACKAGE="/Game/Blueprints/Pawns/BP_Soldier_01" FILE="D:/podstawyprogramowania/TopDownShooterMaksRog/TopDownShooterMR/Content/Blueprints/Pawns/BP_Soldier_01.uasset" SILENT=true
[2023.01.08-20.47.28:758][388]LogSavePackage: Moving 'D:/podstawyprogramowania/TopDownShooterMaksRog/TopDownShooterMR/Saved/BP_Soldier_017625332D41B62EAEEBF50FAABB454F1E.tmp' to 'D:/podstawyprogramowania/TopDownShooterMaksRog/TopDownShooterMR/Content/Blueprints/Pawns/BP_Soldier_01.uasset'
[2023.01.08-20.47.28:768][388]AssetCheck: New page: Asset Save: BP_Soldier_01
[2023.01.08-20.47.28:768][388]LogContentValidation: Display: Validating Blueprint /Game/Blueprints/Pawns/BP_Soldier_01.BP_Soldier_01
